The system is: Linux - 5.0.17-765.native - x86_64
Compiling the C compiler identification source file "CMakeCCompilerId.c" succeeded.
Compiler: /usr/bin/gcc 
Build flags: -g;-O3;-feliminate-unused-debug-types;;-pipe;-Wall;-Wp,-D_FORTIFY_SOURCE=2;-fexceptions;-fstack-protector;--param=ssp-buffer-size=32;-Wformat;-Wformat-security;-m64;;-fasynchronous-unwind-tables;-Wp,-D_REENTRANT;-ftree-loop-distribute-patterns;-Wl,-z;-Wl,now;-Wl,-z;-Wl,relro;-fno-semantic-interposition;-ffat-lto-objects;;-fno-signed-zeros;-fno-trapping-math;;-fassociative-math;-Wl,-sort-common;-Wl,--enable-new-dtags;-mtune=skylake
Id flags:  

The output was:
0


Compilation of the C compiler identification source "CMakeCCompilerId.c" produced "a.out"

The C compiler identification is GNU, found in "/home/alexandru-balan/CLionProjects/MuchiiCritice/cmake-build-debug/CMakeFiles/3.14.3/CompilerIdC/a.out"

Compiling the CXX compiler identification source file "CMakeCXXCompilerId.cpp" succeeded.
Compiler: /usr/bin/g++ 
Build flags: -g;-O3;-feliminate-unused-debug-types;;-pipe;-Wall;-Wp,-D_FORTIFY_SOURCE=2;-fexceptions;-fstack-protector;--param=ssp-buffer-size=32;-Wformat;-Wformat-security;-m64;;-fasynchronous-unwind-tables;-Wp,-D_REENTRANT;-ftree-loop-distribute-patterns;-Wl,-z;-Wl,now;-Wl,-z;-Wl,relro;-fno-semantic-interposition;-ffat-lto-objects;;-fno-signed-zeros;-fno-trapping-math;;-fassociative-math;-Wl,-sort-common;-Wl,--enable-new-dtags;-mtune=skylake;-fvisibility-inlines-hidden;-Wl,--enable-new-dtags;
Id flags:  

The output was:
0


Compilation of the CXX compiler identification source "CMakeCXXCompilerId.cpp" produced "a.out"

The CXX compiler identification is GNU, found in "/home/alexandru-balan/CLionProjects/MuchiiCritice/cmake-build-debug/CMakeFiles/3.14.3/CompilerIdCXX/a.out"

Determining if the C compiler works passed with the following output:
Change Dir: /home/alexandru-balan/CLionProjects/MuchiiCritice/cmake-build-debug/CMakeFiles/CMakeTmp

Run Build Command(s):/usr/bin/gmake cmTC_5a9dc/fast 
/usr/bin/gmake -f CMakeFiles/cmTC_5a9dc.dir/build.make CMakeFiles/cmTC_5a9dc.dir/build
gmake[1]: Entering directory '/home/alexandru-balan/CLionProjects/MuchiiCritice/cmake-build-debug/CMakeFiles/CMakeTmp'
Building C object CMakeFiles/cmTC_5a9dc.dir/testCCompiler.c.o
/usr/bin/gcc   -g -O3 -feliminate-unused-debug-types  -pipe -Wall -Wp,-D_FORTIFY_SOURCE=2 -fexceptions -fstack-protector --param=ssp-buffer-size=32 -Wformat -Wformat-security -m64  -fasynchronous-unwind-tables -Wp,-D_REENTRANT -ftree-loop-distribute-patterns -Wl,-z -Wl,now -Wl,-z -Wl,relro -fno-semantic-interposition -ffat-lto-objects  -fno-signed-zeros -fno-trapping-math  -fassociative-math -Wl,-sort-common -Wl,--enable-new-dtags -mtune=skylake    -o CMakeFiles/cmTC_5a9dc.dir/testCCompiler.c.o   -c /home/alexandru-balan/CLionProjects/MuchiiCritice/cmake-build-debug/CMakeFiles/CMakeTmp/testCCompiler.c
Linking C executable cmTC_5a9dc
/home/alexandru-balan/.local/share/JetBrains/Toolbox/apps/CLion/ch-0/191.7141.37/bin/cmake/linux/bin/cmake -E cmake_link_script CMakeFiles/cmTC_5a9dc.dir/link.txt --verbose=1
/usr/bin/gcc -g -O3 -feliminate-unused-debug-types  -pipe -Wall -Wp,-D_FORTIFY_SOURCE=2 -fexceptions -fstack-protector --param=ssp-buffer-size=32 -Wformat -Wformat-security -m64  -fasynchronous-unwind-tables -Wp,-D_REENTRANT -ftree-loop-distribute-patterns -Wl,-z -Wl,now -Wl,-z -Wl,relro -fno-semantic-interposition -ffat-lto-objects  -fno-signed-zeros -fno-trapping-math  -fassociative-math -Wl,-sort-common -Wl,--enable-new-dtags -mtune=skylake     CMakeFiles/cmTC_5a9dc.dir/testCCompiler.c.o  -o cmTC_5a9dc 
gmake[1]: Leaving directory '/home/alexandru-balan/CLionProjects/MuchiiCritice/cmake-build-debug/CMakeFiles/CMakeTmp'


Detecting C compiler ABI info compiled with the following output:
Change Dir: /home/alexandru-balan/CLionProjects/MuchiiCritice/cmake-build-debug/CMakeFiles/CMakeTmp

Run Build Command(s):/usr/bin/gmake cmTC_c3b79/fast 
/usr/bin/gmake -f CMakeFiles/cmTC_c3b79.dir/build.make CMakeFiles/cmTC_c3b79.dir/build
gmake[1]: Entering directory '/home/alexandru-balan/CLionProjects/MuchiiCritice/cmake-build-debug/CMakeFiles/CMakeTmp'
Building C object CMakeFiles/cmTC_c3b79.dir/CMakeCCompilerABI.c.o
/usr/bin/gcc   -g -O3 -feliminate-unused-debug-types  -pipe -Wall -Wp,-D_FORTIFY_SOURCE=2 -fexceptions -fstack-protector --param=ssp-buffer-size=32 -Wformat -Wformat-security -m64  -fasynchronous-unwind-tables -Wp,-D_REENTRANT -ftree-loop-distribute-patterns -Wl,-z -Wl,now -Wl,-z -Wl,relro -fno-semantic-interposition -ffat-lto-objects  -fno-signed-zeros -fno-trapping-math  -fassociative-math -Wl,-sort-common -Wl,--enable-new-dtags -mtune=skylake    -v -o CMakeFiles/cmTC_c3b79.dir/CMakeCCompilerABI.c.o   -c /home/alexandru-balan/.local/share/JetBrains/Toolbox/apps/CLion/ch-0/191.7141.37/bin/cmake/linux/share/cmake-3.14/Modules/CMakeCCompilerABI.c
Using built-in specs.
COLLECT_GCC=/usr/bin/gcc
Target: x86_64-generic-linux
Configured with: ../gcc-9.1.0/configure --prefix=/usr --with-pkgversion='Clear Linux OS for Intel Architecture' --libdir=/usr/lib64 --enable-libstdcxx-pch --libexecdir=/usr/lib64 --with-system-zlib --enable-shared --enable-gnu-indirect-function --disable-vtable-verify --enable-threads=posix --enable-__cxa_atexit --enable-plugin --enable-ld=default --enable-clocale=gnu --disable-multiarch --enable-multilib --enable-lto --disable-werror --enable-linker-build-id --build=x86_64-generic-linux --target=x86_64-generic-linux --enable-languages=c,c++,fortran,go --enable-bootstrap --with-ppl=yes --with-isl --includedir=/usr/include --exec-prefix=/usr --with-glibc-version=2.19 --disable-libunwind-exceptions --with-gnu-ld --with-tune=haswell --with-arch=westmere --enable-cet --disable-libmpx --with-gcc-major-version-only --enable-default-pie
Thread model: posix
gcc version 9.1.1 20190520 gcc-9-branch@271393 (Clear Linux OS for Intel Architecture) 
COLLECT_GCC_OPTIONS='-g' '-O3' '-feliminate-unused-debug-types' '-pipe' '-Wall' '-fexceptions' '-fstack-protector' '--param' 'ssp-buffer-size=32' '-Wformat=1' '-Wformat-security' '-m64' '-fasynchronous-unwind-tables' '-ftree-loop-distribute-patterns' '-fno-semantic-interposition' '-ffat-lto-objects' '-fno-signed-zeros' '-fno-trapping-math' '-fassociative-math' '-mtune=skylake' '-v' '-o' 'CMakeFiles/cmTC_c3b79.dir/CMakeCCompilerABI.c.o' '-c' '-march=westmere'
 /usr/lib64/gcc/x86_64-generic-linux/9/cc1 -quiet -v -D_FORTIFY_SOURCE=2 -D_REENTRANT /home/alexandru-balan/.local/share/JetBrains/Toolbox/apps/CLion/ch-0/191.7141.37/bin/cmake/linux/share/cmake-3.14/Modules/CMakeCCompilerABI.c -quiet -dumpbase CMakeCCompilerABI.c -m64 -mtune=skylake -march=westmere -auxbase-strip CMakeFiles/cmTC_c3b79.dir/CMakeCCompilerABI.c.o -g -O3 -Wall -Wformat=1 -Wformat-security -version -feliminate-unused-debug-types -fexceptions -fstack-protector -fasynchronous-unwind-tables -ftree-loop-distribute-patterns -fno-semantic-interposition -ffat-lto-objects -fno-signed-zeros -fno-trapping-math -fassociative-math --param ssp-buffer-size=32 -o - |
 as -v --64 -o CMakeFiles/cmTC_c3b79.dir/CMakeCCompilerABI.c.o
GNU assembler version 2.32.0 (x86_64-generic-linux) using BFD version (GNU Binutils) 2.32.0.20190203
GNU C17 (Clear Linux OS for Intel Architecture) version 9.1.1 20190520 gcc-9-branch@271393 (x86_64-generic-linux)
	compiled by GNU C version 9.1.1 20190520 gcc-9-branch@271393, GMP version 6.1.2, MPFR version 4.0.2, MPC version 1.1.0, isl version isl-0.16.1-GMP

GGC heuristics: --param ggc-min-expand=100 --param ggc-min-heapsize=131072
ignoring nonexistent directory "/usr/lib64/gcc/x86_64-generic-linux/9/../../../../x86_64-generic-linux/include"
#include "..." search starts here:
#include <...> search starts here:
 /usr/lib64/gcc/x86_64-generic-linux/9/include
 /usr/local/include
 /usr/lib64/gcc/x86_64-generic-linux/9/include-fixed
 /usr/include
End of search list.
GNU C17 (Clear Linux OS for Intel Architecture) version 9.1.1 20190520 gcc-9-branch@271393 (x86_64-generic-linux)
	compiled by GNU C version 9.1.1 20190520 gcc-9-branch@271393, GMP version 6.1.2, MPFR version 4.0.2, MPC version 1.1.0, isl version isl-0.16.1-GMP

GGC heuristics: --param ggc-min-expand=100 --param ggc-min-heapsize=131072
Compiler executable checksum: 9a99c3ddd5a2fe8f9f93e34088f51fd9
COMPILER_PATH=/usr/lib64/gcc/x86_64-generic-linux/9/:/usr/lib64/gcc/x86_64-generic-linux/9/:/usr/lib64/gcc/x86_64-generic-linux/:/usr/lib64/gcc/x86_64-generic-linux/9/:/usr/lib64/gcc/x86_64-generic-linux/
LIBRARY_PATH=/usr/lib64/gcc/x86_64-generic-linux/9/:/usr/lib64/gcc/x86_64-generic-linux/9/../../../../lib64/:/lib/../lib64/:/usr/lib/../lib64/:/usr/lib64/gcc/x86_64-generic-linux/9/../../../:/lib/:/usr/lib/
COLLECT_GCC_OPTIONS='-g' '-O3' '-feliminate-unused-debug-types' '-pipe' '-Wall' '-fexceptions' '-fstack-protector' '--param' 'ssp-buffer-size=32' '-Wformat=1' '-Wformat-security' '-m64' '-fasynchronous-unwind-tables' '-ftree-loop-distribute-patterns' '-fno-semantic-interposition' '-ffat-lto-objects' '-fno-signed-zeros' '-fno-trapping-math' '-fassociative-math' '-mtune=skylake' '-v' '-o' 'CMakeFiles/cmTC_c3b79.dir/CMakeCCompilerABI.c.o' '-c' '-march=westmere'
Linking C executable cmTC_c3b79
/home/alexandru-balan/.local/share/JetBrains/Toolbox/apps/CLion/ch-0/191.7141.37/bin/cmake/linux/bin/cmake -E cmake_link_script CMakeFiles/cmTC_c3b79.dir/link.txt --verbose=1
/usr/bin/gcc -g -O3 -feliminate-unused-debug-types  -pipe -Wall -Wp,-D_FORTIFY_SOURCE=2 -fexceptions -fstack-protector --param=ssp-buffer-size=32 -Wformat -Wformat-security -m64  -fasynchronous-unwind-tables -Wp,-D_REENTRANT -ftree-loop-distribute-patterns -Wl,-z -Wl,now -Wl,-z -Wl,relro -fno-semantic-interposition -ffat-lto-objects  -fno-signed-zeros -fno-trapping-math  -fassociative-math -Wl,-sort-common -Wl,--enable-new-dtags -mtune=skylake    -v CMakeFiles/cmTC_c3b79.dir/CMakeCCompilerABI.c.o  -o cmTC_c3b79 
Using built-in specs.
COLLECT_GCC=/usr/bin/gcc
COLLECT_LTO_WRAPPER=/usr/lib64/gcc/x86_64-generic-linux/9/lto-wrapper
Target: x86_64-generic-linux
Configured with: ../gcc-9.1.0/configure --prefix=/usr --with-pkgversion='Clear Linux OS for Intel Architecture' --libdir=/usr/lib64 --enable-libstdcxx-pch --libexecdir=/usr/lib64 --with-system-zlib --enable-shared --enable-gnu-indirect-function --disable-vtable-verify --enable-threads=posix --enable-__cxa_atexit --enable-plugin --enable-ld=default --enable-clocale=gnu --disable-multiarch --enable-multilib --enable-lto --disable-werror --enable-linker-build-id --build=x86_64-generic-linux --target=x86_64-generic-linux --enable-languages=c,c++,fortran,go --enable-bootstrap --with-ppl=yes --with-isl --includedir=/usr/include --exec-prefix=/usr --with-glibc-version=2.19 --disable-libunwind-exceptions --with-gnu-ld --with-tune=haswell --with-arch=westmere --enable-cet --disable-libmpx --with-gcc-major-version-only --enable-default-pie
Thread model: posix
gcc version 9.1.1 20190520 gcc-9-branch@271393 (Clear Linux OS for Intel Architecture) 
COMPILER_PATH=/usr/lib64/gcc/x86_64-generic-linux/9/:/usr/lib64/gcc/x86_64-generic-linux/9/:/usr/lib64/gcc/x86_64-generic-linux/:/usr/lib64/gcc/x86_64-generic-linux/9/:/usr/lib64/gcc/x86_64-generic-linux/
LIBRARY_PATH=/usr/lib64/gcc/x86_64-generic-linux/9/:/usr/lib64/gcc/x86_64-generic-linux/9/../../../../lib64/:/lib/../lib64/:/usr/lib/../lib64/:/usr/lib64/gcc/x86_64-generic-linux/9/../../../:/lib/:/usr/lib/
COLLECT_GCC_OPTIONS='-g' '-O3' '-feliminate-unused-debug-types' '-pipe' '-Wall' '-fexceptions' '-fstack-protector' '--param' 'ssp-buffer-size=32' '-Wformat=1' '-Wformat-security' '-m64' '-fasynchronous-unwind-tables' '-ftree-loop-distribute-patterns' '-fno-semantic-interposition' '-ffat-lto-objects' '-fno-signed-zeros' '-fno-trapping-math' '-fassociative-math' '-mtune=skylake' '-v' '-o' 'cmTC_c3b79' '-march=westmere'
 /usr/lib64/gcc/x86_64-generic-linux/9/collect2 -plugin /usr/lib64/gcc/x86_64-generic-linux/9/liblto_plugin.so -plugin-opt=/usr/lib64/gcc/x86_64-generic-linux/9/lto-wrapper -plugin-opt=-fresolution=/tmp/ccrtRAxj.res -plugin-opt=-pass-through=-lgcc -plugin-opt=-pass-through=-lgcc_s -plugin-opt=-pass-through=-lc -plugin-opt=-pass-through=-lgcc -plugin-opt=-pass-through=-lgcc_s --build-id --eh-frame-hdr -m elf_x86_64 -dynamic-linker /lib64/ld-linux-x86-64.so.2 -pie -z now -o cmTC_c3b79 /usr/lib64/gcc/x86_64-generic-linux/9/../../../../lib64/Scrt1.o /usr/lib64/gcc/x86_64-generic-linux/9/../../../../lib64/crti.o /usr/lib64/gcc/x86_64-generic-linux/9/crtbeginS.o -L/usr/lib64/gcc/x86_64-generic-linux/9 -L/usr/lib64/gcc/x86_64-generic-linux/9/../../../../lib64 -L/lib/../lib64 -L/usr/lib/../lib64 -L/usr/lib64/gcc/x86_64-generic-linux/9/../../.. -z now -z relro -sort-common --enable-new-dtags CMakeFiles/cmTC_c3b79.dir/CMakeCCompilerABI.c.o -lgcc --push-state --as-needed -lgcc_s --pop-state -lc -lgcc --push-state --as-needed -lgcc_s --pop-state /usr/lib64/gcc/x86_64-generic-linux/9/crtendS.o /usr/lib64/gcc/x86_64-generic-linux/9/../../../../lib64/crtn.o
COLLECT_GCC_OPTIONS='-g' '-O3' '-feliminate-unused-debug-types' '-pipe' '-Wall' '-fexceptions' '-fstack-protector' '--param' 'ssp-buffer-size=32' '-Wformat=1' '-Wformat-security' '-m64' '-fasynchronous-unwind-tables' '-ftree-loop-distribute-patterns' '-fno-semantic-interposition' '-ffat-lto-objects' '-fno-signed-zeros' '-fno-trapping-math' '-fassociative-math' '-mtune=skylake' '-v' '-o' 'cmTC_c3b79' '-march=westmere'
gmake[1]: Leaving directory '/home/alexandru-balan/CLionProjects/MuchiiCritice/cmake-build-debug/CMakeFiles/CMakeTmp'


Parsed C implicit include dir info from above output: rv=done
  found start of include info
  found start of implicit include info
    add: [/usr/lib64/gcc/x86_64-generic-linux/9/include]
    add: [/usr/local/include]
    add: [/usr/lib64/gcc/x86_64-generic-linux/9/include-fixed]
    add: [/usr/include]
  end of search list found
  collapse include dir [/usr/lib64/gcc/x86_64-generic-linux/9/include] ==> [/usr/lib64/gcc/x86_64-generic-linux/9/include]
  collapse include dir [/usr/local/include] ==> [/usr/local/include]
  collapse include dir [/usr/lib64/gcc/x86_64-generic-linux/9/include-fixed] ==> [/usr/lib64/gcc/x86_64-generic-linux/9/include-fixed]
  collapse include dir [/usr/include] ==> [/usr/include]
  implicit include dirs: [/usr/lib64/gcc/x86_64-generic-linux/9/include;/usr/local/include;/usr/lib64/gcc/x86_64-generic-linux/9/include-fixed;/usr/include]


Parsed C implicit link information from above output:
  link line regex: [^( *|.*[/\])(ld|CMAKE_LINK_STARTFILE-NOTFOUND|([^/\]+-)?ld|collect2)[^/\]*( |$)]
  ignore line: [Change Dir: /home/alexandru-balan/CLionProjects/MuchiiCritice/cmake-build-debug/CMakeFiles/CMakeTmp]
  ignore line: []
  ignore line: [Run Build Command(s):/usr/bin/gmake cmTC_c3b79/fast ]
  ignore line: [/usr/bin/gmake -f CMakeFiles/cmTC_c3b79.dir/build.make CMakeFiles/cmTC_c3b79.dir/build]
  ignore line: [gmake[1]: Entering directory '/home/alexandru-balan/CLionProjects/MuchiiCritice/cmake-build-debug/CMakeFiles/CMakeTmp']
  ignore line: [Building C object CMakeFiles/cmTC_c3b79.dir/CMakeCCompilerABI.c.o]
  ignore line: [/usr/bin/gcc   -g -O3 -feliminate-unused-debug-types  -pipe -Wall -Wp,-D_FORTIFY_SOURCE=2 -fexceptions -fstack-protector --param=ssp-buffer-size=32 -Wformat -Wformat-security -m64  -fasynchronous-unwind-tables -Wp,-D_REENTRANT -ftree-loop-distribute-patterns -Wl,-z -Wl,now -Wl,-z -Wl,relro -fno-semantic-interposition -ffat-lto-objects  -fno-signed-zeros -fno-trapping-math  -fassociative-math -Wl,-sort-common -Wl,--enable-new-dtags -mtune=skylake    -v -o CMakeFiles/cmTC_c3b79.dir/CMakeCCompilerABI.c.o   -c /home/alexandru-balan/.local/share/JetBrains/Toolbox/apps/CLion/ch-0/191.7141.37/bin/cmake/linux/share/cmake-3.14/Modules/CMakeCCompilerABI.c]
  ignore line: [Using built-in specs.]
  ignore line: [COLLECT_GCC=/usr/bin/gcc]
  ignore line: [Target: x86_64-generic-linux]
  ignore line: [Configured with: ../gcc-9.1.0/configure --prefix=/usr --with-pkgversion='Clear Linux OS for Intel Architecture' --libdir=/usr/lib64 --enable-libstdcxx-pch --libexecdir=/usr/lib64 --with-system-zlib --enable-shared --enable-gnu-indirect-function --disable-vtable-verify --enable-threads=posix --enable-__cxa_atexit --enable-plugin --enable-ld=default --enable-clocale=gnu --disable-multiarch --enable-multilib --enable-lto --disable-werror --enable-linker-build-id --build=x86_64-generic-linux --target=x86_64-generic-linux --enable-languages=c,c++,fortran,go --enable-bootstrap --with-ppl=yes --with-isl --includedir=/usr/include --exec-prefix=/usr --with-glibc-version=2.19 --disable-libunwind-exceptions --with-gnu-ld --with-tune=haswell --with-arch=westmere --enable-cet --disable-libmpx --with-gcc-major-version-only --enable-default-pie]
  ignore line: [Thread model: posix]
  ignore line: [gcc version 9.1.1 20190520 gcc-9-branch@271393 (Clear Linux OS for Intel Architecture) ]
  ignore line: [COLLECT_GCC_OPTIONS='-g' '-O3' '-feliminate-unused-debug-types' '-pipe' '-Wall' '-fexceptions' '-fstack-protector' '--param' 'ssp-buffer-size=32' '-Wformat=1' '-Wformat-security' '-m64' '-fasynchronous-unwind-tables' '-ftree-loop-distribute-patterns' '-fno-semantic-interposition' '-ffat-lto-objects' '-fno-signed-zeros' '-fno-trapping-math' '-fassociative-math' '-mtune=skylake' '-v' '-o' 'CMakeFiles/cmTC_c3b79.dir/CMakeCCompilerABI.c.o' '-c' '-march=westmere']
  ignore line: [ /usr/lib64/gcc/x86_64-generic-linux/9/cc1 -quiet -v -D_FORTIFY_SOURCE=2 -D_REENTRANT /home/alexandru-balan/.local/share/JetBrains/Toolbox/apps/CLion/ch-0/191.7141.37/bin/cmake/linux/share/cmake-3.14/Modules/CMakeCCompilerABI.c -quiet -dumpbase CMakeCCompilerABI.c -m64 -mtune=skylake -march=westmere -auxbase-strip CMakeFiles/cmTC_c3b79.dir/CMakeCCompilerABI.c.o -g -O3 -Wall -Wformat=1 -Wformat-security -version -feliminate-unused-debug-types -fexceptions -fstack-protector -fasynchronous-unwind-tables -ftree-loop-distribute-patterns -fno-semantic-interposition -ffat-lto-objects -fno-signed-zeros -fno-trapping-math -fassociative-math --param ssp-buffer-size=32 -o - |]
  ignore line: [ as -v --64 -o CMakeFiles/cmTC_c3b79.dir/CMakeCCompilerABI.c.o]
  ignore line: [GNU assembler version 2.32.0 (x86_64-generic-linux) using BFD version (GNU Binutils) 2.32.0.20190203]
  ignore line: [GNU C17 (Clear Linux OS for Intel Architecture) version 9.1.1 20190520 gcc-9-branch@271393 (x86_64-generic-linux)]
  ignore line: [	compiled by GNU C version 9.1.1 20190520 gcc-9-branch@271393, GMP version 6.1.2, MPFR version 4.0.2, MPC version 1.1.0, isl version isl-0.16.1-GMP]
  ignore line: []
  ignore line: [GGC heuristics: --param ggc-min-expand=100 --param ggc-min-heapsize=131072]
  ignore line: [ignoring nonexistent directory "/usr/lib64/gcc/x86_64-generic-linux/9/../../../../x86_64-generic-linux/include"]
  ignore line: [#include "..." search starts here:]
  ignore line: [#include <...> search starts here:]
  ignore line: [ /usr/lib64/gcc/x86_64-generic-linux/9/include]
  ignore line: [ /usr/local/include]
  ignore line: [ /usr/lib64/gcc/x86_64-generic-linux/9/include-fixed]
  ignore line: [ /usr/include]
  ignore line: [End of search list.]
  ignore line: [GNU C17 (Clear Linux OS for Intel Architecture) version 9.1.1 20190520 gcc-9-branch@271393 (x86_64-generic-linux)]
  ignore line: [	compiled by GNU C version 9.1.1 20190520 gcc-9-branch@271393, GMP version 6.1.2, MPFR version 4.0.2, MPC version 1.1.0, isl version isl-0.16.1-GMP]
  ignore line: []
  ignore line: [GGC heuristics: --param ggc-min-expand=100 --param ggc-min-heapsize=131072]
  ignore line: [Compiler executable checksum: 9a99c3ddd5a2fe8f9f93e34088f51fd9]
  ignore line: [COMPILER_PATH=/usr/lib64/gcc/x86_64-generic-linux/9/:/usr/lib64/gcc/x86_64-generic-linux/9/:/usr/lib64/gcc/x86_64-generic-linux/:/usr/lib64/gcc/x86_64-generic-linux/9/:/usr/lib64/gcc/x86_64-generic-linux/]
  ignore line: [LIBRARY_PATH=/usr/lib64/gcc/x86_64-generic-linux/9/:/usr/lib64/gcc/x86_64-generic-linux/9/../../../../lib64/:/lib/../lib64/:/usr/lib/../lib64/:/usr/lib64/gcc/x86_64-generic-linux/9/../../../:/lib/:/usr/lib/]
  ignore line: [COLLECT_GCC_OPTIONS='-g' '-O3' '-feliminate-unused-debug-types' '-pipe' '-Wall' '-fexceptions' '-fstack-protector' '--param' 'ssp-buffer-size=32' '-Wformat=1' '-Wformat-security' '-m64' '-fasynchronous-unwind-tables' '-ftree-loop-distribute-patterns' '-fno-semantic-interposition' '-ffat-lto-objects' '-fno-signed-zeros' '-fno-trapping-math' '-fassociative-math' '-mtune=skylake' '-v' '-o' 'CMakeFiles/cmTC_c3b79.dir/CMakeCCompilerABI.c.o' '-c' '-march=westmere']
  ignore line: [Linking C executable cmTC_c3b79]
  ignore line: [/home/alexandru-balan/.local/share/JetBrains/Toolbox/apps/CLion/ch-0/191.7141.37/bin/cmake/linux/bin/cmake -E cmake_link_script CMakeFiles/cmTC_c3b79.dir/link.txt --verbose=1]
  ignore line: [/usr/bin/gcc -g -O3 -feliminate-unused-debug-types  -pipe -Wall -Wp,-D_FORTIFY_SOURCE=2 -fexceptions -fstack-protector --param=ssp-buffer-size=32 -Wformat -Wformat-security -m64  -fasynchronous-unwind-tables -Wp,-D_REENTRANT -ftree-loop-distribute-patterns -Wl,-z -Wl,now -Wl,-z -Wl,relro -fno-semantic-interposition -ffat-lto-objects  -fno-signed-zeros -fno-trapping-math  -fassociative-math -Wl,-sort-common -Wl,--enable-new-dtags -mtune=skylake    -v CMakeFiles/cmTC_c3b79.dir/CMakeCCompilerABI.c.o  -o cmTC_c3b79 ]
  ignore line: [Using built-in specs.]
  ignore line: [COLLECT_GCC=/usr/bin/gcc]
  ignore line: [COLLECT_LTO_WRAPPER=/usr/lib64/gcc/x86_64-generic-linux/9/lto-wrapper]
  ignore line: [Target: x86_64-generic-linux]
  ignore line: [Configured with: ../gcc-9.1.0/configure --prefix=/usr --with-pkgversion='Clear Linux OS for Intel Architecture' --libdir=/usr/lib64 --enable-libstdcxx-pch --libexecdir=/usr/lib64 --with-system-zlib --enable-shared --enable-gnu-indirect-function --disable-vtable-verify --enable-threads=posix --enable-__cxa_atexit --enable-plugin --enable-ld=default --enable-clocale=gnu --disable-multiarch --enable-multilib --enable-lto --disable-werror --enable-linker-build-id --build=x86_64-generic-linux --target=x86_64-generic-linux --enable-languages=c,c++,fortran,go --enable-bootstrap --with-ppl=yes --with-isl --includedir=/usr/include --exec-prefix=/usr --with-glibc-version=2.19 --disable-libunwind-exceptions --with-gnu-ld --with-tune=haswell --with-arch=westmere --enable-cet --disable-libmpx --with-gcc-major-version-only --enable-default-pie]
  ignore line: [Thread model: posix]
  ignore line: [gcc version 9.1.1 20190520 gcc-9-branch@271393 (Clear Linux OS for Intel Architecture) ]
  ignore line: [COMPILER_PATH=/usr/lib64/gcc/x86_64-generic-linux/9/:/usr/lib64/gcc/x86_64-generic-linux/9/:/usr/lib64/gcc/x86_64-generic-linux/:/usr/lib64/gcc/x86_64-generic-linux/9/:/usr/lib64/gcc/x86_64-generic-linux/]
  ignore line: [LIBRARY_PATH=/usr/lib64/gcc/x86_64-generic-linux/9/:/usr/lib64/gcc/x86_64-generic-linux/9/../../../../lib64/:/lib/../lib64/:/usr/lib/../lib64/:/usr/lib64/gcc/x86_64-generic-linux/9/../../../:/lib/:/usr/lib/]
  ignore line: [COLLECT_GCC_OPTIONS='-g' '-O3' '-feliminate-unused-debug-types' '-pipe' '-Wall' '-fexceptions' '-fstack-protector' '--param' 'ssp-buffer-size=32' '-Wformat=1' '-Wformat-security' '-m64' '-fasynchronous-unwind-tables' '-ftree-loop-distribute-patterns' '-fno-semantic-interposition' '-ffat-lto-objects' '-fno-signed-zeros' '-fno-trapping-math' '-fassociative-math' '-mtune=skylake' '-v' '-o' 'cmTC_c3b79' '-march=westmere']
  link line: [ /usr/lib64/gcc/x86_64-generic-linux/9/collect2 -plugin /usr/lib64/gcc/x86_64-generic-linux/9/liblto_plugin.so -plugin-opt=/usr/lib64/gcc/x86_64-generic-linux/9/lto-wrapper -plugin-opt=-fresolution=/tmp/ccrtRAxj.res -plugin-opt=-pass-through=-lgcc -plugin-opt=-pass-through=-lgcc_s -plugin-opt=-pass-through=-lc -plugin-opt=-pass-through=-lgcc -plugin-opt=-pass-through=-lgcc_s --build-id --eh-frame-hdr -m elf_x86_64 -dynamic-linker /lib64/ld-linux-x86-64.so.2 -pie -z now -o cmTC_c3b79 /usr/lib64/gcc/x86_64-generic-linux/9/../../../../lib64/Scrt1.o /usr/lib64/gcc/x86_64-generic-linux/9/../../../../lib64/crti.o /usr/lib64/gcc/x86_64-generic-linux/9/crtbeginS.o -L/usr/lib64/gcc/x86_64-generic-linux/9 -L/usr/lib64/gcc/x86_64-generic-linux/9/../../../../lib64 -L/lib/../lib64 -L/usr/lib/../lib64 -L/usr/lib64/gcc/x86_64-generic-linux/9/../../.. -z now -z relro -sort-common --enable-new-dtags CMakeFiles/cmTC_c3b79.dir/CMakeCCompilerABI.c.o -lgcc --push-state --as-needed -lgcc_s --pop-state -lc -lgcc --push-state --as-needed -lgcc_s --pop-state /usr/lib64/gcc/x86_64-generic-linux/9/crtendS.o /usr/lib64/gcc/x86_64-generic-linux/9/../../../../lib64/crtn.o]
    arg [/usr/lib64/gcc/x86_64-generic-linux/9/collect2] ==> ignore
    arg [-plugin] ==> ignore
    arg [/usr/lib64/gcc/x86_64-generic-linux/9/liblto_plugin.so] ==> ignore
    arg [-plugin-opt=/usr/lib64/gcc/x86_64-generic-linux/9/lto-wrapper] ==> ignore
    arg [-plugin-opt=-fresolution=/tmp/ccrtRAxj.res] ==> ignore
    arg [-plugin-opt=-pass-through=-lgcc] ==> ignore
    arg [-plugin-opt=-pass-through=-lgcc_s] ==> ignore
    arg [-plugin-opt=-pass-through=-lc] ==> ignore
    arg [-plugin-opt=-pass-through=-lgcc] ==> ignore
    arg [-plugin-opt=-pass-through=-lgcc_s] ==> ignore
    arg [--build-id] ==> ignore
    arg [--eh-frame-hdr] ==> ignore
    arg [-m] ==> ignore
    arg [elf_x86_64] ==> ignore
    arg [-dynamic-linker] ==> ignore
    arg [/lib64/ld-linux-x86-64.so.2] ==> ignore
    arg [-pie] ==> ignore
    arg [-znow] ==> ignore
    arg [-o] ==> ignore
    arg [cmTC_c3b79] ==> ignore
    arg [/usr/lib64/gcc/x86_64-generic-linux/9/../../../../lib64/Scrt1.o] ==> ignore
    arg [/usr/lib64/gcc/x86_64-generic-linux/9/../../../../lib64/crti.o] ==> ignore
    arg [/usr/lib64/gcc/x86_64-generic-linux/9/crtbeginS.o] ==> ignore
    arg [-L/usr/lib64/gcc/x86_64-generic-linux/9] ==> dir [/usr/lib64/gcc/x86_64-generic-linux/9]
    arg [-L/usr/lib64/gcc/x86_64-generic-linux/9/../../../../lib64] ==> dir [/usr/lib64/gcc/x86_64-generic-linux/9/../../../../lib64]
    arg [-L/lib/../lib64] ==> dir [/lib/../lib64]
    arg [-L/usr/lib/../lib64] ==> dir [/usr/lib/../lib64]
    arg [-L/usr/lib64/gcc/x86_64-generic-linux/9/../../..] ==> dir [/usr/lib64/gcc/x86_64-generic-linux/9/../../..]
    arg [-znow] ==> ignore
    arg [-zrelro] ==> ignore
    arg [-sort-common] ==> ignore
    arg [--enable-new-dtags] ==> ignore
    arg [CMakeFiles/cmTC_c3b79.dir/CMakeCCompilerABI.c.o] ==> ignore
    arg [-lgcc] ==> lib [gcc]
    arg [--push-state] ==> ignore
    arg [--as-needed] ==> ignore
    arg [-lgcc_s] ==> lib [gcc_s]
    arg [--pop-state] ==> ignore
    arg [-lc] ==> lib [c]
    arg [-lgcc] ==> lib [gcc]
    arg [--push-state] ==> ignore
    arg [--as-needed] ==> ignore
    arg [-lgcc_s] ==> lib [gcc_s]
    arg [--pop-state] ==> ignore
    arg [/usr/lib64/gcc/x86_64-generic-linux/9/crtendS.o] ==> ignore
    arg [/usr/lib64/gcc/x86_64-generic-linux/9/../../../../lib64/crtn.o] ==> ignore
  collapse library dir [/usr/lib64/gcc/x86_64-generic-linux/9] ==> [/usr/lib64/gcc/x86_64-generic-linux/9]
  collapse library dir [/usr/lib64/gcc/x86_64-generic-linux/9/../../../../lib64] ==> [/usr/lib64]
  collapse library dir [/lib/../lib64] ==> [/lib64]
  collapse library dir [/usr/lib/../lib64] ==> [/usr/lib64]
  collapse library dir [/usr/lib64/gcc/x86_64-generic-linux/9/../../..] ==> [/usr/lib64]
  implicit libs: [gcc;gcc_s;c;gcc;gcc_s]
  implicit dirs: [/usr/lib64/gcc/x86_64-generic-linux/9;/usr/lib64;/lib64]
  implicit fwks: []




Detecting C [-std=c11] compiler features compiled with the following output:
Change Dir: /home/alexandru-balan/CLionProjects/MuchiiCritice/cmake-build-debug/CMakeFiles/CMakeTmp

Run Build Command(s):/usr/bin/gmake cmTC_e4efc/fast 
/usr/bin/gmake -f CMakeFiles/cmTC_e4efc.dir/build.make CMakeFiles/cmTC_e4efc.dir/build
gmake[1]: Entering directory '/home/alexandru-balan/CLionProjects/MuchiiCritice/cmake-build-debug/CMakeFiles/CMakeTmp'
Building C object CMakeFiles/cmTC_e4efc.dir/feature_tests.c.o
/usr/bin/gcc   -g -O3 -feliminate-unused-debug-types  -pipe -Wall -Wp,-D_FORTIFY_SOURCE=2 -fexceptions -fstack-protector --param=ssp-buffer-size=32 -Wformat -Wformat-security -m64  -fasynchronous-unwind-tables -Wp,-D_REENTRANT -ftree-loop-distribute-patterns -Wl,-z -Wl,now -Wl,-z -Wl,relro -fno-semantic-interposition -ffat-lto-objects  -fno-signed-zeros -fno-trapping-math  -fassociative-math -Wl,-sort-common -Wl,--enable-new-dtags -mtune=skylake    -std=c11 -o CMakeFiles/cmTC_e4efc.dir/feature_tests.c.o   -c /home/alexandru-balan/CLionProjects/MuchiiCritice/cmake-build-debug/CMakeFiles/feature_tests.c
Linking C executable cmTC_e4efc
/home/alexandru-balan/.local/share/JetBrains/Toolbox/apps/CLion/ch-0/191.7141.37/bin/cmake/linux/bin/cmake -E cmake_link_script CMakeFiles/cmTC_e4efc.dir/link.txt --verbose=1
/usr/bin/gcc -g -O3 -feliminate-unused-debug-types  -pipe -Wall -Wp,-D_FORTIFY_SOURCE=2 -fexceptions -fstack-protector --param=ssp-buffer-size=32 -Wformat -Wformat-security -m64  -fasynchronous-unwind-tables -Wp,-D_REENTRANT -ftree-loop-distribute-patterns -Wl,-z -Wl,now -Wl,-z -Wl,relro -fno-semantic-interposition -ffat-lto-objects  -fno-signed-zeros -fno-trapping-math  -fassociative-math -Wl,-sort-common -Wl,--enable-new-dtags -mtune=skylake     CMakeFiles/cmTC_e4efc.dir/feature_tests.c.o  -o cmTC_e4efc 
gmake[1]: Leaving directory '/home/alexandru-balan/CLionProjects/MuchiiCritice/cmake-build-debug/CMakeFiles/CMakeTmp'


    Feature record: C_FEATURE:1c_function_prototypes
    Feature record: C_FEATURE:1c_restrict
    Feature record: C_FEATURE:1c_static_assert
    Feature record: C_FEATURE:1c_variadic_macros


Detecting C [-std=c99] compiler features compiled with the following output:
Change Dir: /home/alexandru-balan/CLionProjects/MuchiiCritice/cmake-build-debug/CMakeFiles/CMakeTmp

Run Build Command(s):/usr/bin/gmake cmTC_71846/fast 
/usr/bin/gmake -f CMakeFiles/cmTC_71846.dir/build.make CMakeFiles/cmTC_71846.dir/build
gmake[1]: Entering directory '/home/alexandru-balan/CLionProjects/MuchiiCritice/cmake-build-debug/CMakeFiles/CMakeTmp'
Building C object CMakeFiles/cmTC_71846.dir/feature_tests.c.o
/usr/bin/gcc   -g -O3 -feliminate-unused-debug-types  -pipe -Wall -Wp,-D_FORTIFY_SOURCE=2 -fexceptions -fstack-protector --param=ssp-buffer-size=32 -Wformat -Wformat-security -m64  -fasynchronous-unwind-tables -Wp,-D_REENTRANT -ftree-loop-distribute-patterns -Wl,-z -Wl,now -Wl,-z -Wl,relro -fno-semantic-interposition -ffat-lto-objects  -fno-signed-zeros -fno-trapping-math  -fassociative-math -Wl,-sort-common -Wl,--enable-new-dtags -mtune=skylake    -std=c99 -o CMakeFiles/cmTC_71846.dir/feature_tests.c.o   -c /home/alexandru-balan/CLionProjects/MuchiiCritice/cmake-build-debug/CMakeFiles/feature_tests.c
Linking C executable cmTC_71846
/home/alexandru-balan/.local/share/JetBrains/Toolbox/apps/CLion/ch-0/191.7141.37/bin/cmake/linux/bin/cmake -E cmake_link_script CMakeFiles/cmTC_71846.dir/link.txt --verbose=1
/usr/bin/gcc -g -O3 -feliminate-unused-debug-types  -pipe -Wall -Wp,-D_FORTIFY_SOURCE=2 -fexceptions -fstack-protector --param=ssp-buffer-size=32 -Wformat -Wformat-security -m64  -fasynchronous-unwind-tables -Wp,-D_REENTRANT -ftree-loop-distribute-patterns -Wl,-z -Wl,now -Wl,-z -Wl,relro -fno-semantic-interposition -ffat-lto-objects  -fno-signed-zeros -fno-trapping-math  -fassociative-math -Wl,-sort-common -Wl,--enable-new-dtags -mtune=skylake     CMakeFiles/cmTC_71846.dir/feature_tests.c.o  -o cmTC_71846 
gmake[1]: Leaving directory '/home/alexandru-balan/CLionProjects/MuchiiCritice/cmake-build-debug/CMakeFiles/CMakeTmp'


    Feature record: C_FEATURE:1c_function_prototypes
    Feature record: C_FEATURE:1c_restrict
    Feature record: C_FEATURE:0c_static_assert
    Feature record: C_FEATURE:1c_variadic_macros


Detecting C [-std=c90] compiler features compiled with the following output:
Change Dir: /home/alexandru-balan/CLionProjects/MuchiiCritice/cmake-build-debug/CMakeFiles/CMakeTmp

Run Build Command(s):/usr/bin/gmake cmTC_467a5/fast 
/usr/bin/gmake -f CMakeFiles/cmTC_467a5.dir/build.make CMakeFiles/cmTC_467a5.dir/build
gmake[1]: Entering directory '/home/alexandru-balan/CLionProjects/MuchiiCritice/cmake-build-debug/CMakeFiles/CMakeTmp'
Building C object CMakeFiles/cmTC_467a5.dir/feature_tests.c.o
/usr/bin/gcc   -g -O3 -feliminate-unused-debug-types  -pipe -Wall -Wp,-D_FORTIFY_SOURCE=2 -fexceptions -fstack-protector --param=ssp-buffer-size=32 -Wformat -Wformat-security -m64  -fasynchronous-unwind-tables -Wp,-D_REENTRANT -ftree-loop-distribute-patterns -Wl,-z -Wl,now -Wl,-z -Wl,relro -fno-semantic-interposition -ffat-lto-objects  -fno-signed-zeros -fno-trapping-math  -fassociative-math -Wl,-sort-common -Wl,--enable-new-dtags -mtune=skylake    -std=c90 -o CMakeFiles/cmTC_467a5.dir/feature_tests.c.o   -c /home/alexandru-balan/CLionProjects/MuchiiCritice/cmake-build-debug/CMakeFiles/feature_tests.c
Linking C executable cmTC_467a5
/home/alexandru-balan/.local/share/JetBrains/Toolbox/apps/CLion/ch-0/191.7141.37/bin/cmake/linux/bin/cmake -E cmake_link_script CMakeFiles/cmTC_467a5.dir/link.txt --verbose=1
/usr/bin/gcc -g -O3 -feliminate-unused-debug-types  -pipe -Wall -Wp,-D_FORTIFY_SOURCE=2 -fexceptions -fstack-protector --param=ssp-buffer-size=32 -Wformat -Wformat-security -m64  -fasynchronous-unwind-tables -Wp,-D_REENTRANT -ftree-loop-distribute-patterns -Wl,-z -Wl,now -Wl,-z -Wl,relro -fno-semantic-interposition -ffat-lto-objects  -fno-signed-zeros -fno-trapping-math  -fassociative-math -Wl,-sort-common -Wl,--enable-new-dtags -mtune=skylake     CMakeFiles/cmTC_467a5.dir/feature_tests.c.o  -o cmTC_467a5 
gmake[1]: Leaving directory '/home/alexandru-balan/CLionProjects/MuchiiCritice/cmake-build-debug/CMakeFiles/CMakeTmp'


    Feature record: C_FEATURE:1c_function_prototypes
    Feature record: C_FEATURE:0c_restrict
    Feature record: C_FEATURE:0c_static_assert
    Feature record: C_FEATURE:0c_variadic_macros
Determining if the CXX compiler works passed with the following output:
Change Dir: /home/alexandru-balan/CLionProjects/MuchiiCritice/cmake-build-debug/CMakeFiles/CMakeTmp

Run Build Command(s):/usr/bin/gmake cmTC_01cc3/fast 
/usr/bin/gmake -f CMakeFiles/cmTC_01cc3.dir/build.make CMakeFiles/cmTC_01cc3.dir/build
gmake[1]: Entering directory '/home/alexandru-balan/CLionProjects/MuchiiCritice/cmake-build-debug/CMakeFiles/CMakeTmp'
Building CXX object CMakeFiles/cmTC_01cc3.dir/testCXXCompiler.cxx.o
/usr/bin/g++    -g -O3 -feliminate-unused-debug-types  -pipe -Wall -Wp,-D_FORTIFY_SOURCE=2 -fexceptions -fstack-protector --param=ssp-buffer-size=32 -Wformat -Wformat-security -m64  -fasynchronous-unwind-tables -Wp,-D_REENTRANT -ftree-loop-distribute-patterns -Wl,-z -Wl,now -Wl,-z -Wl,relro -fno-semantic-interposition -ffat-lto-objects  -fno-signed-zeros -fno-trapping-math  -fassociative-math -Wl,-sort-common -Wl,--enable-new-dtags -mtune=skylake -fvisibility-inlines-hidden -Wl,--enable-new-dtags    -o CMakeFiles/cmTC_01cc3.dir/testCXXCompiler.cxx.o -c /home/alexandru-balan/CLionProjects/MuchiiCritice/cmake-build-debug/CMakeFiles/CMakeTmp/testCXXCompiler.cxx
Linking CXX executable cmTC_01cc3
/home/alexandru-balan/.local/share/JetBrains/Toolbox/apps/CLion/ch-0/191.7141.37/bin/cmake/linux/bin/cmake -E cmake_link_script CMakeFiles/cmTC_01cc3.dir/link.txt --verbose=1
/usr/bin/g++  -g -O3 -feliminate-unused-debug-types  -pipe -Wall -Wp,-D_FORTIFY_SOURCE=2 -fexceptions -fstack-protector --param=ssp-buffer-size=32 -Wformat -Wformat-security -m64  -fasynchronous-unwind-tables -Wp,-D_REENTRANT -ftree-loop-distribute-patterns -Wl,-z -Wl,now -Wl,-z -Wl,relro -fno-semantic-interposition -ffat-lto-objects  -fno-signed-zeros -fno-trapping-math  -fassociative-math -Wl,-sort-common -Wl,--enable-new-dtags -mtune=skylake -fvisibility-inlines-hidden -Wl,--enable-new-dtags     CMakeFiles/cmTC_01cc3.dir/testCXXCompiler.cxx.o  -o cmTC_01cc3 
gmake[1]: Leaving directory '/home/alexandru-balan/CLionProjects/MuchiiCritice/cmake-build-debug/CMakeFiles/CMakeTmp'


Detecting CXX compiler ABI info compiled with the following output:
Change Dir: /home/alexandru-balan/CLionProjects/MuchiiCritice/cmake-build-debug/CMakeFiles/CMakeTmp

Run Build Command(s):/usr/bin/gmake cmTC_51b8a/fast 
/usr/bin/gmake -f CMakeFiles/cmTC_51b8a.dir/build.make CMakeFiles/cmTC_51b8a.dir/build
gmake[1]: Entering directory '/home/alexandru-balan/CLionProjects/MuchiiCritice/cmake-build-debug/CMakeFiles/CMakeTmp'
Building CXX object CMakeFiles/cmTC_51b8a.dir/CMakeCXXCompilerABI.cpp.o
/usr/bin/g++    -g -O3 -feliminate-unused-debug-types  -pipe -Wall -Wp,-D_FORTIFY_SOURCE=2 -fexceptions -fstack-protector --param=ssp-buffer-size=32 -Wformat -Wformat-security -m64  -fasynchronous-unwind-tables -Wp,-D_REENTRANT -ftree-loop-distribute-patterns -Wl,-z -Wl,now -Wl,-z -Wl,relro -fno-semantic-interposition -ffat-lto-objects  -fno-signed-zeros -fno-trapping-math  -fassociative-math -Wl,-sort-common -Wl,--enable-new-dtags -mtune=skylake -fvisibility-inlines-hidden -Wl,--enable-new-dtags    -v -o CMakeFiles/cmTC_51b8a.dir/CMakeCXXCompilerABI.cpp.o -c /home/alexandru-balan/.local/share/JetBrains/Toolbox/apps/CLion/ch-0/191.7141.37/bin/cmake/linux/share/cmake-3.14/Modules/CMakeCXXCompilerABI.cpp
Using built-in specs.
COLLECT_GCC=/usr/bin/g++
Target: x86_64-generic-linux
Configured with: ../gcc-9.1.0/configure --prefix=/usr --with-pkgversion='Clear Linux OS for Intel Architecture' --libdir=/usr/lib64 --enable-libstdcxx-pch --libexecdir=/usr/lib64 --with-system-zlib --enable-shared --enable-gnu-indirect-function --disable-vtable-verify --enable-threads=posix --enable-__cxa_atexit --enable-plugin --enable-ld=default --enable-clocale=gnu --disable-multiarch --enable-multilib --enable-lto --disable-werror --enable-linker-build-id --build=x86_64-generic-linux --target=x86_64-generic-linux --enable-languages=c,c++,fortran,go --enable-bootstrap --with-ppl=yes --with-isl --includedir=/usr/include --exec-prefix=/usr --with-glibc-version=2.19 --disable-libunwind-exceptions --with-gnu-ld --with-tune=haswell --with-arch=westmere --enable-cet --disable-libmpx --with-gcc-major-version-only --enable-default-pie
Thread model: posix
gcc version 9.1.1 20190520 gcc-9-branch@271393 (Clear Linux OS for Intel Architecture) 
COLLECT_GCC_OPTIONS='-g' '-O3' '-feliminate-unused-debug-types' '-pipe' '-Wall' '-fexceptions' '-fstack-protector' '--param' 'ssp-buffer-size=32' '-Wformat=1' '-Wformat-security' '-m64' '-fasynchronous-unwind-tables' '-ftree-loop-distribute-patterns' '-fno-semantic-interposition' '-ffat-lto-objects' '-fno-signed-zeros' '-fno-trapping-math' '-fassociative-math' '-mtune=skylake' '-fvisibility-inlines-hidden' '-v' '-o' 'CMakeFiles/cmTC_51b8a.dir/CMakeCXXCompilerABI.cpp.o' '-c' '-shared-libgcc' '-march=westmere'
 /usr/lib64/gcc/x86_64-generic-linux/9/cc1plus -quiet -v -D_GNU_SOURCE -D_FORTIFY_SOURCE=2 -D_REENTRANT /home/alexandru-balan/.local/share/JetBrains/Toolbox/apps/CLion/ch-0/191.7141.37/bin/cmake/linux/share/cmake-3.14/Modules/CMakeCXXCompilerABI.cpp -quiet -dumpbase CMakeCXXCompilerABI.cpp -m64 -mtune=skylake -march=westmere -auxbase-strip CMakeFiles/cmTC_51b8a.dir/CMakeCXXCompilerABI.cpp.o -g -O3 -Wall -Wformat=1 -Wformat-security -version -feliminate-unused-debug-types -fexceptions -fstack-protector -fasynchronous-unwind-tables -ftree-loop-distribute-patterns -fno-semantic-interposition -ffat-lto-objects -fno-signed-zeros -fno-trapping-math -fassociative-math -fvisibility-inlines-hidden --param ssp-buffer-size=32 -o - |
 as -v --64 -o CMakeFiles/cmTC_51b8a.dir/CMakeCXXCompilerABI.cpp.o
GNU C++14 (Clear Linux OS for Intel Architecture) version 9.1.1 20190520 gcc-9-branch@271393 (x86_64-generic-linux)
	compiled by GNU C version 9.1.1 20190520 gcc-9-branch@271393, GMP version 6.1.2, MPFR version 4.0.2, MPC version 1.1.0, isl version isl-0.16.1-GMP

GGC heuristics: --param ggc-min-expand=100 --param ggc-min-heapsize=131072
GNU assembler version 2.32.0 (x86_64-generic-linux) using BFD version (GNU Binutils) 2.32.0.20190203
ignoring nonexistent directory "/usr/lib64/gcc/x86_64-generic-linux/9/../../../../x86_64-generic-linux/include"
#include "..." search starts here:
#include <...> search starts here:
 /usr/lib64/gcc/x86_64-generic-linux/9/../../../../include/c++/9
 /usr/lib64/gcc/x86_64-generic-linux/9/../../../../include/c++/9/x86_64-generic-linux
 /usr/lib64/gcc/x86_64-generic-linux/9/../../../../include/c++/9/backward
 /usr/lib64/gcc/x86_64-generic-linux/9/include
 /usr/local/include
 /usr/lib64/gcc/x86_64-generic-linux/9/include-fixed
 /usr/include
End of search list.
GNU C++14 (Clear Linux OS for Intel Architecture) version 9.1.1 20190520 gcc-9-branch@271393 (x86_64-generic-linux)
	compiled by GNU C version 9.1.1 20190520 gcc-9-branch@271393, GMP version 6.1.2, MPFR version 4.0.2, MPC version 1.1.0, isl version isl-0.16.1-GMP

GGC heuristics: --param ggc-min-expand=100 --param ggc-min-heapsize=131072
Compiler executable checksum: 4fd32ffc66c342d38cded060b1c41820
COMPILER_PATH=/usr/lib64/gcc/x86_64-generic-linux/9/:/usr/lib64/gcc/x86_64-generic-linux/9/:/usr/lib64/gcc/x86_64-generic-linux/:/usr/lib64/gcc/x86_64-generic-linux/9/:/usr/lib64/gcc/x86_64-generic-linux/
LIBRARY_PATH=/usr/lib64/gcc/x86_64-generic-linux/9/:/usr/lib64/gcc/x86_64-generic-linux/9/../../../../lib64/:/lib/../lib64/:/usr/lib/../lib64/:/usr/lib64/gcc/x86_64-generic-linux/9/../../../:/lib/:/usr/lib/
COLLECT_GCC_OPTIONS='-g' '-O3' '-feliminate-unused-debug-types' '-pipe' '-Wall' '-fexceptions' '-fstack-protector' '--param' 'ssp-buffer-size=32' '-Wformat=1' '-Wformat-security' '-m64' '-fasynchronous-unwind-tables' '-ftree-loop-distribute-patterns' '-fno-semantic-interposition' '-ffat-lto-objects' '-fno-signed-zeros' '-fno-trapping-math' '-fassociative-math' '-mtune=skylake' '-fvisibility-inlines-hidden' '-v' '-o' 'CMakeFiles/cmTC_51b8a.dir/CMakeCXXCompilerABI.cpp.o' '-c' '-shared-libgcc' '-march=westmere'
Linking CXX executable cmTC_51b8a
/home/alexandru-balan/.local/share/JetBrains/Toolbox/apps/CLion/ch-0/191.7141.37/bin/cmake/linux/bin/cmake -E cmake_link_script CMakeFiles/cmTC_51b8a.dir/link.txt --verbose=1
/usr/bin/g++  -g -O3 -feliminate-unused-debug-types  -pipe -Wall -Wp,-D_FORTIFY_SOURCE=2 -fexceptions -fstack-protector --param=ssp-buffer-size=32 -Wformat -Wformat-security -m64  -fasynchronous-unwind-tables -Wp,-D_REENTRANT -ftree-loop-distribute-patterns -Wl,-z -Wl,now -Wl,-z -Wl,relro -fno-semantic-interposition -ffat-lto-objects  -fno-signed-zeros -fno-trapping-math  -fassociative-math -Wl,-sort-common -Wl,--enable-new-dtags -mtune=skylake -fvisibility-inlines-hidden -Wl,--enable-new-dtags    -v CMakeFiles/cmTC_51b8a.dir/CMakeCXXCompilerABI.cpp.o  -o cmTC_51b8a 
Using built-in specs.
COLLECT_GCC=/usr/bin/g++
COLLECT_LTO_WRAPPER=/usr/lib64/gcc/x86_64-generic-linux/9/lto-wrapper
Target: x86_64-generic-linux
Configured with: ../gcc-9.1.0/configure --prefix=/usr --with-pkgversion='Clear Linux OS for Intel Architecture' --libdir=/usr/lib64 --enable-libstdcxx-pch --libexecdir=/usr/lib64 --with-system-zlib --enable-shared --enable-gnu-indirect-function --disable-vtable-verify --enable-threads=posix --enable-__cxa_atexit --enable-plugin --enable-ld=default --enable-clocale=gnu --disable-multiarch --enable-multilib --enable-lto --disable-werror --enable-linker-build-id --build=x86_64-generic-linux --target=x86_64-generic-linux --enable-languages=c,c++,fortran,go --enable-bootstrap --with-ppl=yes --with-isl --includedir=/usr/include --exec-prefix=/usr --with-glibc-version=2.19 --disable-libunwind-exceptions --with-gnu-ld --with-tune=haswell --with-arch=westmere --enable-cet --disable-libmpx --with-gcc-major-version-only --enable-default-pie
Thread model: posix
gcc version 9.1.1 20190520 gcc-9-branch@271393 (Clear Linux OS for Intel Architecture) 
COMPILER_PATH=/usr/lib64/gcc/x86_64-generic-linux/9/:/usr/lib64/gcc/x86_64-generic-linux/9/:/usr/lib64/gcc/x86_64-generic-linux/:/usr/lib64/gcc/x86_64-generic-linux/9/:/usr/lib64/gcc/x86_64-generic-linux/
LIBRARY_PATH=/usr/lib64/gcc/x86_64-generic-linux/9/:/usr/lib64/gcc/x86_64-generic-linux/9/../../../../lib64/:/lib/../lib64/:/usr/lib/../lib64/:/usr/lib64/gcc/x86_64-generic-linux/9/../../../:/lib/:/usr/lib/
COLLECT_GCC_OPTIONS='-g' '-O3' '-feliminate-unused-debug-types' '-pipe' '-Wall' '-fexceptions' '-fstack-protector' '--param' 'ssp-buffer-size=32' '-Wformat=1' '-Wformat-security' '-m64' '-fasynchronous-unwind-tables' '-ftree-loop-distribute-patterns' '-fno-semantic-interposition' '-ffat-lto-objects' '-fno-signed-zeros' '-fno-trapping-math' '-fassociative-math' '-mtune=skylake' '-fvisibility-inlines-hidden' '-v' '-o' 'cmTC_51b8a' '-shared-libgcc' '-march=westmere'
 /usr/lib64/gcc/x86_64-generic-linux/9/collect2 -plugin /usr/lib64/gcc/x86_64-generic-linux/9/liblto_plugin.so -plugin-opt=/usr/lib64/gcc/x86_64-generic-linux/9/lto-wrapper -plugin-opt=-fresolution=/tmp/ccAGloHY.res -plugin-opt=-pass-through=-lgcc_s -plugin-opt=-pass-through=-lgcc -plugin-opt=-pass-through=-lc -plugin-opt=-pass-through=-lgcc_s -plugin-opt=-pass-through=-lgcc --build-id --eh-frame-hdr -m elf_x86_64 -dynamic-linker /lib64/ld-linux-x86-64.so.2 -pie -z now -o cmTC_51b8a /usr/lib64/gcc/x86_64-generic-linux/9/../../../../lib64/Scrt1.o /usr/lib64/gcc/x86_64-generic-linux/9/../../../../lib64/crti.o /usr/lib64/gcc/x86_64-generic-linux/9/crtbeginS.o -L/usr/lib64/gcc/x86_64-generic-linux/9 -L/usr/lib64/gcc/x86_64-generic-linux/9/../../../../lib64 -L/lib/../lib64 -L/usr/lib/../lib64 -L/usr/lib64/gcc/x86_64-generic-linux/9/../../.. -z now -z relro -sort-common --enable-new-dtags --enable-new-dtags CMakeFiles/cmTC_51b8a.dir/CMakeCXXCompilerABI.cpp.o -lstdc++ -lm -lgcc_s -lgcc -lc -lgcc_s -lgcc /usr/lib64/gcc/x86_64-generic-linux/9/crtendS.o /usr/lib64/gcc/x86_64-generic-linux/9/../../../../lib64/crtn.o
COLLECT_GCC_OPTIONS='-g' '-O3' '-feliminate-unused-debug-types' '-pipe' '-Wall' '-fexceptions' '-fstack-protector' '--param' 'ssp-buffer-size=32' '-Wformat=1' '-Wformat-security' '-m64' '-fasynchronous-unwind-tables' '-ftree-loop-distribute-patterns' '-fno-semantic-interposition' '-ffat-lto-objects' '-fno-signed-zeros' '-fno-trapping-math' '-fassociative-math' '-mtune=skylake' '-fvisibility-inlines-hidden' '-v' '-o' 'cmTC_51b8a' '-shared-libgcc' '-march=westmere'
gmake[1]: Leaving directory '/home/alexandru-balan/CLionProjects/MuchiiCritice/cmake-build-debug/CMakeFiles/CMakeTmp'


Parsed CXX implicit include dir info from above output: rv=done
  found start of include info
  found start of implicit include info
    add: [/usr/lib64/gcc/x86_64-generic-linux/9/../../../../include/c++/9]
    add: [/usr/lib64/gcc/x86_64-generic-linux/9/../../../../include/c++/9/x86_64-generic-linux]
    add: [/usr/lib64/gcc/x86_64-generic-linux/9/../../../../include/c++/9/backward]
    add: [/usr/lib64/gcc/x86_64-generic-linux/9/include]
    add: [/usr/local/include]
    add: [/usr/lib64/gcc/x86_64-generic-linux/9/include-fixed]
    add: [/usr/include]
  end of search list found
  collapse include dir [/usr/lib64/gcc/x86_64-generic-linux/9/../../../../include/c++/9] ==> [/usr/include/c++/9]
  collapse include dir [/usr/lib64/gcc/x86_64-generic-linux/9/../../../../include/c++/9/x86_64-generic-linux] ==> [/usr/include/c++/9/x86_64-generic-linux]
  collapse include dir [/usr/lib64/gcc/x86_64-generic-linux/9/../../../../include/c++/9/backward] ==> [/usr/include/c++/9/backward]
  collapse include dir [/usr/lib64/gcc/x86_64-generic-linux/9/include] ==> [/usr/lib64/gcc/x86_64-generic-linux/9/include]
  collapse include dir [/usr/local/include] ==> [/usr/local/include]
  collapse include dir [/usr/lib64/gcc/x86_64-generic-linux/9/include-fixed] ==> [/usr/lib64/gcc/x86_64-generic-linux/9/include-fixed]
  collapse include dir [/usr/include] ==> [/usr/include]
  implicit include dirs: [/usr/include/c++/9;/usr/include/c++/9/x86_64-generic-linux;/usr/include/c++/9/backward;/usr/lib64/gcc/x86_64-generic-linux/9/include;/usr/local/include;/usr/lib64/gcc/x86_64-generic-linux/9/include-fixed;/usr/include]


Parsed CXX implicit link information from above output:
  link line regex: [^( *|.*[/\])(ld|CMAKE_LINK_STARTFILE-NOTFOUND|([^/\]+-)?ld|collect2)[^/\]*( |$)]
  ignore line: [Change Dir: /home/alexandru-balan/CLionProjects/MuchiiCritice/cmake-build-debug/CMakeFiles/CMakeTmp]
  ignore line: []
  ignore line: [Run Build Command(s):/usr/bin/gmake cmTC_51b8a/fast ]
  ignore line: [/usr/bin/gmake -f CMakeFiles/cmTC_51b8a.dir/build.make CMakeFiles/cmTC_51b8a.dir/build]
  ignore line: [gmake[1]: Entering directory '/home/alexandru-balan/CLionProjects/MuchiiCritice/cmake-build-debug/CMakeFiles/CMakeTmp']
  ignore line: [Building CXX object CMakeFiles/cmTC_51b8a.dir/CMakeCXXCompilerABI.cpp.o]
  ignore line: [/usr/bin/g++    -g -O3 -feliminate-unused-debug-types  -pipe -Wall -Wp,-D_FORTIFY_SOURCE=2 -fexceptions -fstack-protector --param=ssp-buffer-size=32 -Wformat -Wformat-security -m64  -fasynchronous-unwind-tables -Wp,-D_REENTRANT -ftree-loop-distribute-patterns -Wl,-z -Wl,now -Wl,-z -Wl,relro -fno-semantic-interposition -ffat-lto-objects  -fno-signed-zeros -fno-trapping-math  -fassociative-math -Wl,-sort-common -Wl,--enable-new-dtags -mtune=skylake -fvisibility-inlines-hidden -Wl,--enable-new-dtags    -v -o CMakeFiles/cmTC_51b8a.dir/CMakeCXXCompilerABI.cpp.o -c /home/alexandru-balan/.local/share/JetBrains/Toolbox/apps/CLion/ch-0/191.7141.37/bin/cmake/linux/share/cmake-3.14/Modules/CMakeCXXCompilerABI.cpp]
  ignore line: [Using built-in specs.]
  ignore line: [COLLECT_GCC=/usr/bin/g++]
  ignore line: [Target: x86_64-generic-linux]
  ignore line: [Configured with: ../gcc-9.1.0/configure --prefix=/usr --with-pkgversion='Clear Linux OS for Intel Architecture' --libdir=/usr/lib64 --enable-libstdcxx-pch --libexecdir=/usr/lib64 --with-system-zlib --enable-shared --enable-gnu-indirect-function --disable-vtable-verify --enable-threads=posix --enable-__cxa_atexit --enable-plugin --enable-ld=default --enable-clocale=gnu --disable-multiarch --enable-multilib --enable-lto --disable-werror --enable-linker-build-id --build=x86_64-generic-linux --target=x86_64-generic-linux --enable-languages=c,c++,fortran,go --enable-bootstrap --with-ppl=yes --with-isl --includedir=/usr/include --exec-prefix=/usr --with-glibc-version=2.19 --disable-libunwind-exceptions --with-gnu-ld --with-tune=haswell --with-arch=westmere --enable-cet --disable-libmpx --with-gcc-major-version-only --enable-default-pie]
  ignore line: [Thread model: posix]
  ignore line: [gcc version 9.1.1 20190520 gcc-9-branch@271393 (Clear Linux OS for Intel Architecture) ]
  ignore line: [COLLECT_GCC_OPTIONS='-g' '-O3' '-feliminate-unused-debug-types' '-pipe' '-Wall' '-fexceptions' '-fstack-protector' '--param' 'ssp-buffer-size=32' '-Wformat=1' '-Wformat-security' '-m64' '-fasynchronous-unwind-tables' '-ftree-loop-distribute-patterns' '-fno-semantic-interposition' '-ffat-lto-objects' '-fno-signed-zeros' '-fno-trapping-math' '-fassociative-math' '-mtune=skylake' '-fvisibility-inlines-hidden' '-v' '-o' 'CMakeFiles/cmTC_51b8a.dir/CMakeCXXCompilerABI.cpp.o' '-c' '-shared-libgcc' '-march=westmere']
  ignore line: [ /usr/lib64/gcc/x86_64-generic-linux/9/cc1plus -quiet -v -D_GNU_SOURCE -D_FORTIFY_SOURCE=2 -D_REENTRANT /home/alexandru-balan/.local/share/JetBrains/Toolbox/apps/CLion/ch-0/191.7141.37/bin/cmake/linux/share/cmake-3.14/Modules/CMakeCXXCompilerABI.cpp -quiet -dumpbase CMakeCXXCompilerABI.cpp -m64 -mtune=skylake -march=westmere -auxbase-strip CMakeFiles/cmTC_51b8a.dir/CMakeCXXCompilerABI.cpp.o -g -O3 -Wall -Wformat=1 -Wformat-security -version -feliminate-unused-debug-types -fexceptions -fstack-protector -fasynchronous-unwind-tables -ftree-loop-distribute-patterns -fno-semantic-interposition -ffat-lto-objects -fno-signed-zeros -fno-trapping-math -fassociative-math -fvisibility-inlines-hidden --param ssp-buffer-size=32 -o - |]
  ignore line: [ as -v --64 -o CMakeFiles/cmTC_51b8a.dir/CMakeCXXCompilerABI.cpp.o]
  ignore line: [GNU C++14 (Clear Linux OS for Intel Architecture) version 9.1.1 20190520 gcc-9-branch@271393 (x86_64-generic-linux)]
  ignore line: [	compiled by GNU C version 9.1.1 20190520 gcc-9-branch@271393, GMP version 6.1.2, MPFR version 4.0.2, MPC version 1.1.0, isl version isl-0.16.1-GMP]
  ignore line: []
  ignore line: [GGC heuristics: --param ggc-min-expand=100 --param ggc-min-heapsize=131072]
  ignore line: [GNU assembler version 2.32.0 (x86_64-generic-linux) using BFD version (GNU Binutils) 2.32.0.20190203]
  ignore line: [ignoring nonexistent directory "/usr/lib64/gcc/x86_64-generic-linux/9/../../../../x86_64-generic-linux/include"]
  ignore line: [#include "..." search starts here:]
  ignore line: [#include <...> search starts here:]
  ignore line: [ /usr/lib64/gcc/x86_64-generic-linux/9/../../../../include/c++/9]
  ignore line: [ /usr/lib64/gcc/x86_64-generic-linux/9/../../../../include/c++/9/x86_64-generic-linux]
  ignore line: [ /usr/lib64/gcc/x86_64-generic-linux/9/../../../../include/c++/9/backward]
  ignore line: [ /usr/lib64/gcc/x86_64-generic-linux/9/include]
  ignore line: [ /usr/local/include]
  ignore line: [ /usr/lib64/gcc/x86_64-generic-linux/9/include-fixed]
  ignore line: [ /usr/include]
  ignore line: [End of search list.]
  ignore line: [GNU C++14 (Clear Linux OS for Intel Architecture) version 9.1.1 20190520 gcc-9-branch@271393 (x86_64-generic-linux)]
  ignore line: [	compiled by GNU C version 9.1.1 20190520 gcc-9-branch@271393, GMP version 6.1.2, MPFR version 4.0.2, MPC version 1.1.0, isl version isl-0.16.1-GMP]
  ignore line: []
  ignore line: [GGC heuristics: --param ggc-min-expand=100 --param ggc-min-heapsize=131072]
  ignore line: [Compiler executable checksum: 4fd32ffc66c342d38cded060b1c41820]
  ignore line: [COMPILER_PATH=/usr/lib64/gcc/x86_64-generic-linux/9/:/usr/lib64/gcc/x86_64-generic-linux/9/:/usr/lib64/gcc/x86_64-generic-linux/:/usr/lib64/gcc/x86_64-generic-linux/9/:/usr/lib64/gcc/x86_64-generic-linux/]
  ignore line: [LIBRARY_PATH=/usr/lib64/gcc/x86_64-generic-linux/9/:/usr/lib64/gcc/x86_64-generic-linux/9/../../../../lib64/:/lib/../lib64/:/usr/lib/../lib64/:/usr/lib64/gcc/x86_64-generic-linux/9/../../../:/lib/:/usr/lib/]
  ignore line: [COLLECT_GCC_OPTIONS='-g' '-O3' '-feliminate-unused-debug-types' '-pipe' '-Wall' '-fexceptions' '-fstack-protector' '--param' 'ssp-buffer-size=32' '-Wformat=1' '-Wformat-security' '-m64' '-fasynchronous-unwind-tables' '-ftree-loop-distribute-patterns' '-fno-semantic-interposition' '-ffat-lto-objects' '-fno-signed-zeros' '-fno-trapping-math' '-fassociative-math' '-mtune=skylake' '-fvisibility-inlines-hidden' '-v' '-o' 'CMakeFiles/cmTC_51b8a.dir/CMakeCXXCompilerABI.cpp.o' '-c' '-shared-libgcc' '-march=westmere']
  ignore line: [Linking CXX executable cmTC_51b8a]
  ignore line: [/home/alexandru-balan/.local/share/JetBrains/Toolbox/apps/CLion/ch-0/191.7141.37/bin/cmake/linux/bin/cmake -E cmake_link_script CMakeFiles/cmTC_51b8a.dir/link.txt --verbose=1]
  ignore line: [/usr/bin/g++  -g -O3 -feliminate-unused-debug-types  -pipe -Wall -Wp,-D_FORTIFY_SOURCE=2 -fexceptions -fstack-protector --param=ssp-buffer-size=32 -Wformat -Wformat-security -m64  -fasynchronous-unwind-tables -Wp,-D_REENTRANT -ftree-loop-distribute-patterns -Wl,-z -Wl,now -Wl,-z -Wl,relro -fno-semantic-interposition -ffat-lto-objects  -fno-signed-zeros -fno-trapping-math  -fassociative-math -Wl,-sort-common -Wl,--enable-new-dtags -mtune=skylake -fvisibility-inlines-hidden -Wl,--enable-new-dtags    -v CMakeFiles/cmTC_51b8a.dir/CMakeCXXCompilerABI.cpp.o  -o cmTC_51b8a ]
  ignore line: [Using built-in specs.]
  ignore line: [COLLECT_GCC=/usr/bin/g++]
  ignore line: [COLLECT_LTO_WRAPPER=/usr/lib64/gcc/x86_64-generic-linux/9/lto-wrapper]
  ignore line: [Target: x86_64-generic-linux]
  ignore line: [Configured with: ../gcc-9.1.0/configure --prefix=/usr --with-pkgversion='Clear Linux OS for Intel Architecture' --libdir=/usr/lib64 --enable-libstdcxx-pch --libexecdir=/usr/lib64 --with-system-zlib --enable-shared --enable-gnu-indirect-function --disable-vtable-verify --enable-threads=posix --enable-__cxa_atexit --enable-plugin --enable-ld=default --enable-clocale=gnu --disable-multiarch --enable-multilib --enable-lto --disable-werror --enable-linker-build-id --build=x86_64-generic-linux --target=x86_64-generic-linux --enable-languages=c,c++,fortran,go --enable-bootstrap --with-ppl=yes --with-isl --includedir=/usr/include --exec-prefix=/usr --with-glibc-version=2.19 --disable-libunwind-exceptions --with-gnu-ld --with-tune=haswell --with-arch=westmere --enable-cet --disable-libmpx --with-gcc-major-version-only --enable-default-pie]
  ignore line: [Thread model: posix]
  ignore line: [gcc version 9.1.1 20190520 gcc-9-branch@271393 (Clear Linux OS for Intel Architecture) ]
  ignore line: [COMPILER_PATH=/usr/lib64/gcc/x86_64-generic-linux/9/:/usr/lib64/gcc/x86_64-generic-linux/9/:/usr/lib64/gcc/x86_64-generic-linux/:/usr/lib64/gcc/x86_64-generic-linux/9/:/usr/lib64/gcc/x86_64-generic-linux/]
  ignore line: [LIBRARY_PATH=/usr/lib64/gcc/x86_64-generic-linux/9/:/usr/lib64/gcc/x86_64-generic-linux/9/../../../../lib64/:/lib/../lib64/:/usr/lib/../lib64/:/usr/lib64/gcc/x86_64-generic-linux/9/../../../:/lib/:/usr/lib/]
  ignore line: [COLLECT_GCC_OPTIONS='-g' '-O3' '-feliminate-unused-debug-types' '-pipe' '-Wall' '-fexceptions' '-fstack-protector' '--param' 'ssp-buffer-size=32' '-Wformat=1' '-Wformat-security' '-m64' '-fasynchronous-unwind-tables' '-ftree-loop-distribute-patterns' '-fno-semantic-interposition' '-ffat-lto-objects' '-fno-signed-zeros' '-fno-trapping-math' '-fassociative-math' '-mtune=skylake' '-fvisibility-inlines-hidden' '-v' '-o' 'cmTC_51b8a' '-shared-libgcc' '-march=westmere']
  link line: [ /usr/lib64/gcc/x86_64-generic-linux/9/collect2 -plugin /usr/lib64/gcc/x86_64-generic-linux/9/liblto_plugin.so -plugin-opt=/usr/lib64/gcc/x86_64-generic-linux/9/lto-wrapper -plugin-opt=-fresolution=/tmp/ccAGloHY.res -plugin-opt=-pass-through=-lgcc_s -plugin-opt=-pass-through=-lgcc -plugin-opt=-pass-through=-lc -plugin-opt=-pass-through=-lgcc_s -plugin-opt=-pass-through=-lgcc --build-id --eh-frame-hdr -m elf_x86_64 -dynamic-linker /lib64/ld-linux-x86-64.so.2 -pie -z now -o cmTC_51b8a /usr/lib64/gcc/x86_64-generic-linux/9/../../../../lib64/Scrt1.o /usr/lib64/gcc/x86_64-generic-linux/9/../../../../lib64/crti.o /usr/lib64/gcc/x86_64-generic-linux/9/crtbeginS.o -L/usr/lib64/gcc/x86_64-generic-linux/9 -L/usr/lib64/gcc/x86_64-generic-linux/9/../../../../lib64 -L/lib/../lib64 -L/usr/lib/../lib64 -L/usr/lib64/gcc/x86_64-generic-linux/9/../../.. -z now -z relro -sort-common --enable-new-dtags --enable-new-dtags CMakeFiles/cmTC_51b8a.dir/CMakeCXXCompilerABI.cpp.o -lstdc++ -lm -lgcc_s -lgcc -lc -lgcc_s -lgcc /usr/lib64/gcc/x86_64-generic-linux/9/crtendS.o /usr/lib64/gcc/x86_64-generic-linux/9/../../../../lib64/crtn.o]
    arg [/usr/lib64/gcc/x86_64-generic-linux/9/collect2] ==> ignore
    arg [-plugin] ==> ignore
    arg [/usr/lib64/gcc/x86_64-generic-linux/9/liblto_plugin.so] ==> ignore
    arg [-plugin-opt=/usr/lib64/gcc/x86_64-generic-linux/9/lto-wrapper] ==> ignore
    arg [-plugin-opt=-fresolution=/tmp/ccAGloHY.res] ==> ignore
    arg [-plugin-opt=-pass-through=-lgcc_s] ==> ignore
    arg [-plugin-opt=-pass-through=-lgcc] ==> ignore
    arg [-plugin-opt=-pass-through=-lc] ==> ignore
    arg [-plugin-opt=-pass-through=-lgcc_s] ==> ignore
    arg [-plugin-opt=-pass-through=-lgcc] ==> ignore
    arg [--build-id] ==> ignore
    arg [--eh-frame-hdr] ==> ignore
    arg [-m] ==> ignore
    arg [elf_x86_64] ==> ignore
    arg [-dynamic-linker] ==> ignore
    arg [/lib64/ld-linux-x86-64.so.2] ==> ignore
    arg [-pie] ==> ignore
    arg [-znow] ==> ignore
    arg [-o] ==> ignore
    arg [cmTC_51b8a] ==> ignore
    arg [/usr/lib64/gcc/x86_64-generic-linux/9/../../../../lib64/Scrt1.o] ==> ignore
    arg [/usr/lib64/gcc/x86_64-generic-linux/9/../../../../lib64/crti.o] ==> ignore
    arg [/usr/lib64/gcc/x86_64-generic-linux/9/crtbeginS.o] ==> ignore
    arg [-L/usr/lib64/gcc/x86_64-generic-linux/9] ==> dir [/usr/lib64/gcc/x86_64-generic-linux/9]
    arg [-L/usr/lib64/gcc/x86_64-generic-linux/9/../../../../lib64] ==> dir [/usr/lib64/gcc/x86_64-generic-linux/9/../../../../lib64]
    arg [-L/lib/../lib64] ==> dir [/lib/../lib64]
    arg [-L/usr/lib/../lib64] ==> dir [/usr/lib/../lib64]
    arg [-L/usr/lib64/gcc/x86_64-generic-linux/9/../../..] ==> dir [/usr/lib64/gcc/x86_64-generic-linux/9/../../..]
    arg [-znow] ==> ignore
    arg [-zrelro] ==> ignore
    arg [-sort-common] ==> ignore
    arg [--enable-new-dtags] ==> ignore
    arg [--enable-new-dtags] ==> ignore
    arg [CMakeFiles/cmTC_51b8a.dir/CMakeCXXCompilerABI.cpp.o] ==> ignore
    arg [-lstdc++] ==> lib [stdc++]
    arg [-lm] ==> lib [m]
    arg [-lgcc_s] ==> lib [gcc_s]
    arg [-lgcc] ==> lib [gcc]
    arg [-lc] ==> lib [c]
    arg [-lgcc_s] ==> lib [gcc_s]
    arg [-lgcc] ==> lib [gcc]
    arg [/usr/lib64/gcc/x86_64-generic-linux/9/crtendS.o] ==> ignore
    arg [/usr/lib64/gcc/x86_64-generic-linux/9/../../../../lib64/crtn.o] ==> ignore
  collapse library dir [/usr/lib64/gcc/x86_64-generic-linux/9] ==> [/usr/lib64/gcc/x86_64-generic-linux/9]
  collapse library dir [/usr/lib64/gcc/x86_64-generic-linux/9/../../../../lib64] ==> [/usr/lib64]
  collapse library dir [/lib/../lib64] ==> [/lib64]
  collapse library dir [/usr/lib/../lib64] ==> [/usr/lib64]
  collapse library dir [/usr/lib64/gcc/x86_64-generic-linux/9/../../..] ==> [/usr/lib64]
  implicit libs: [stdc++;m;gcc_s;gcc;c;gcc_s;gcc]
  implicit dirs: [/usr/lib64/gcc/x86_64-generic-linux/9;/usr/lib64;/lib64]
  implicit fwks: []




Detecting CXX [-std=c++2a] compiler features compiled with the following output:
Change Dir: /home/alexandru-balan/CLionProjects/MuchiiCritice/cmake-build-debug/CMakeFiles/CMakeTmp

Run Build Command(s):/usr/bin/gmake cmTC_927ea/fast 
/usr/bin/gmake -f CMakeFiles/cmTC_927ea.dir/build.make CMakeFiles/cmTC_927ea.dir/build
gmake[1]: Entering directory '/home/alexandru-balan/CLionProjects/MuchiiCritice/cmake-build-debug/CMakeFiles/CMakeTmp'
Building CXX object CMakeFiles/cmTC_927ea.dir/feature_tests.cxx.o
/usr/bin/g++    -g -O3 -feliminate-unused-debug-types  -pipe -Wall -Wp,-D_FORTIFY_SOURCE=2 -fexceptions -fstack-protector --param=ssp-buffer-size=32 -Wformat -Wformat-security -m64  -fasynchronous-unwind-tables -Wp,-D_REENTRANT -ftree-loop-distribute-patterns -Wl,-z -Wl,now -Wl,-z -Wl,relro -fno-semantic-interposition -ffat-lto-objects  -fno-signed-zeros -fno-trapping-math  -fassociative-math -Wl,-sort-common -Wl,--enable-new-dtags -mtune=skylake -fvisibility-inlines-hidden -Wl,--enable-new-dtags    -std=c++2a -o CMakeFiles/cmTC_927ea.dir/feature_tests.cxx.o -c /home/alexandru-balan/CLionProjects/MuchiiCritice/cmake-build-debug/CMakeFiles/feature_tests.cxx
Linking CXX executable cmTC_927ea
/home/alexandru-balan/.local/share/JetBrains/Toolbox/apps/CLion/ch-0/191.7141.37/bin/cmake/linux/bin/cmake -E cmake_link_script CMakeFiles/cmTC_927ea.dir/link.txt --verbose=1
/usr/bin/g++  -g -O3 -feliminate-unused-debug-types  -pipe -Wall -Wp,-D_FORTIFY_SOURCE=2 -fexceptions -fstack-protector --param=ssp-buffer-size=32 -Wformat -Wformat-security -m64  -fasynchronous-unwind-tables -Wp,-D_REENTRANT -ftree-loop-distribute-patterns -Wl,-z -Wl,now -Wl,-z -Wl,relro -fno-semantic-interposition -ffat-lto-objects  -fno-signed-zeros -fno-trapping-math  -fassociative-math -Wl,-sort-common -Wl,--enable-new-dtags -mtune=skylake -fvisibility-inlines-hidden -Wl,--enable-new-dtags     CMakeFiles/cmTC_927ea.dir/feature_tests.cxx.o  -o cmTC_927ea 
gmake[1]: Leaving directory '/home/alexandru-balan/CLionProjects/MuchiiCritice/cmake-build-debug/CMakeFiles/CMakeTmp'


    Feature record: CXX_FEATURE:1cxx_aggregate_default_initializers
    Feature record: CXX_FEATURE:1cxx_alias_templates
    Feature record: CXX_FEATURE:1cxx_alignas
    Feature record: CXX_FEATURE:1cxx_alignof
    Feature record: CXX_FEATURE:1cxx_attributes
    Feature record: CXX_FEATURE:1cxx_attribute_deprecated
    Feature record: CXX_FEATURE:1cxx_auto_type
    Feature record: CXX_FEATURE:1cxx_binary_literals
    Feature record: CXX_FEATURE:1cxx_constexpr
    Feature record: CXX_FEATURE:1cxx_contextual_conversions
    Feature record: CXX_FEATURE:1cxx_decltype
    Feature record: CXX_FEATURE:1cxx_decltype_auto
    Feature record: CXX_FEATURE:1cxx_decltype_incomplete_return_types
    Feature record: CXX_FEATURE:1cxx_default_function_template_args
    Feature record: CXX_FEATURE:1cxx_defaulted_functions
    Feature record: CXX_FEATURE:1cxx_defaulted_move_initializers
    Feature record: CXX_FEATURE:1cxx_delegating_constructors
    Feature record: CXX_FEATURE:1cxx_deleted_functions
    Feature record: CXX_FEATURE:1cxx_digit_separators
    Feature record: CXX_FEATURE:1cxx_enum_forward_declarations
    Feature record: CXX_FEATURE:1cxx_explicit_conversions
    Feature record: CXX_FEATURE:1cxx_extended_friend_declarations
    Feature record: CXX_FEATURE:1cxx_extern_templates
    Feature record: CXX_FEATURE:1cxx_final
    Feature record: CXX_FEATURE:1cxx_func_identifier
    Feature record: CXX_FEATURE:1cxx_generalized_initializers
    Feature record: CXX_FEATURE:1cxx_generic_lambdas
    Feature record: CXX_FEATURE:1cxx_inheriting_constructors
    Feature record: CXX_FEATURE:1cxx_inline_namespaces
    Feature record: CXX_FEATURE:1cxx_lambdas
    Feature record: CXX_FEATURE:1cxx_lambda_init_captures
    Feature record: CXX_FEATURE:1cxx_local_type_template_args
    Feature record: CXX_FEATURE:1cxx_long_long_type
    Feature record: CXX_FEATURE:1cxx_noexcept
    Feature record: CXX_FEATURE:1cxx_nonstatic_member_init
    Feature record: CXX_FEATURE:1cxx_nullptr
    Feature record: CXX_FEATURE:1cxx_override
    Feature record: CXX_FEATURE:1cxx_range_for
    Feature record: CXX_FEATURE:1cxx_raw_string_literals
    Feature record: CXX_FEATURE:1cxx_reference_qualified_functions
    Feature record: CXX_FEATURE:1cxx_relaxed_constexpr
    Feature record: CXX_FEATURE:1cxx_return_type_deduction
    Feature record: CXX_FEATURE:1cxx_right_angle_brackets
    Feature record: CXX_FEATURE:1cxx_rvalue_references
    Feature record: CXX_FEATURE:1cxx_sizeof_member
    Feature record: CXX_FEATURE:1cxx_static_assert
    Feature record: CXX_FEATURE:1cxx_strong_enums
    Feature record: CXX_FEATURE:1cxx_template_template_parameters
    Feature record: CXX_FEATURE:1cxx_thread_local
    Feature record: CXX_FEATURE:1cxx_trailing_return_types
    Feature record: CXX_FEATURE:1cxx_unicode_literals
    Feature record: CXX_FEATURE:1cxx_uniform_initialization
    Feature record: CXX_FEATURE:1cxx_unrestricted_unions
    Feature record: CXX_FEATURE:1cxx_user_literals
    Feature record: CXX_FEATURE:1cxx_variable_templates
    Feature record: CXX_FEATURE:1cxx_variadic_macros
    Feature record: CXX_FEATURE:1cxx_variadic_templates


Detecting CXX [-std=c++17] compiler features compiled with the following output:
Change Dir: /home/alexandru-balan/CLionProjects/MuchiiCritice/cmake-build-debug/CMakeFiles/CMakeTmp

Run Build Command(s):/usr/bin/gmake cmTC_023a9/fast 
/usr/bin/gmake -f CMakeFiles/cmTC_023a9.dir/build.make CMakeFiles/cmTC_023a9.dir/build
gmake[1]: Entering directory '/home/alexandru-balan/CLionProjects/MuchiiCritice/cmake-build-debug/CMakeFiles/CMakeTmp'
Building CXX object CMakeFiles/cmTC_023a9.dir/feature_tests.cxx.o
/usr/bin/g++    -g -O3 -feliminate-unused-debug-types  -pipe -Wall -Wp,-D_FORTIFY_SOURCE=2 -fexceptions -fstack-protector --param=ssp-buffer-size=32 -Wformat -Wformat-security -m64  -fasynchronous-unwind-tables -Wp,-D_REENTRANT -ftree-loop-distribute-patterns -Wl,-z -Wl,now -Wl,-z -Wl,relro -fno-semantic-interposition -ffat-lto-objects  -fno-signed-zeros -fno-trapping-math  -fassociative-math -Wl,-sort-common -Wl,--enable-new-dtags -mtune=skylake -fvisibility-inlines-hidden -Wl,--enable-new-dtags    -std=c++17 -o CMakeFiles/cmTC_023a9.dir/feature_tests.cxx.o -c /home/alexandru-balan/CLionProjects/MuchiiCritice/cmake-build-debug/CMakeFiles/feature_tests.cxx
Linking CXX executable cmTC_023a9
/home/alexandru-balan/.local/share/JetBrains/Toolbox/apps/CLion/ch-0/191.7141.37/bin/cmake/linux/bin/cmake -E cmake_link_script CMakeFiles/cmTC_023a9.dir/link.txt --verbose=1
/usr/bin/g++  -g -O3 -feliminate-unused-debug-types  -pipe -Wall -Wp,-D_FORTIFY_SOURCE=2 -fexceptions -fstack-protector --param=ssp-buffer-size=32 -Wformat -Wformat-security -m64  -fasynchronous-unwind-tables -Wp,-D_REENTRANT -ftree-loop-distribute-patterns -Wl,-z -Wl,now -Wl,-z -Wl,relro -fno-semantic-interposition -ffat-lto-objects  -fno-signed-zeros -fno-trapping-math  -fassociative-math -Wl,-sort-common -Wl,--enable-new-dtags -mtune=skylake -fvisibility-inlines-hidden -Wl,--enable-new-dtags     CMakeFiles/cmTC_023a9.dir/feature_tests.cxx.o  -o cmTC_023a9 
gmake[1]: Leaving directory '/home/alexandru-balan/CLionProjects/MuchiiCritice/cmake-build-debug/CMakeFiles/CMakeTmp'


    Feature record: CXX_FEATURE:1cxx_aggregate_default_initializers
    Feature record: CXX_FEATURE:1cxx_alias_templates
    Feature record: CXX_FEATURE:1cxx_alignas
    Feature record: CXX_FEATURE:1cxx_alignof
    Feature record: CXX_FEATURE:1cxx_attributes
    Feature record: CXX_FEATURE:1cxx_attribute_deprecated
    Feature record: CXX_FEATURE:1cxx_auto_type
    Feature record: CXX_FEATURE:1cxx_binary_literals
    Feature record: CXX_FEATURE:1cxx_constexpr
    Feature record: CXX_FEATURE:1cxx_contextual_conversions
    Feature record: CXX_FEATURE:1cxx_decltype
    Feature record: CXX_FEATURE:1cxx_decltype_auto
    Feature record: CXX_FEATURE:1cxx_decltype_incomplete_return_types
    Feature record: CXX_FEATURE:1cxx_default_function_template_args
    Feature record: CXX_FEATURE:1cxx_defaulted_functions
    Feature record: CXX_FEATURE:1cxx_defaulted_move_initializers
    Feature record: CXX_FEATURE:1cxx_delegating_constructors
    Feature record: CXX_FEATURE:1cxx_deleted_functions
    Feature record: CXX_FEATURE:1cxx_digit_separators
    Feature record: CXX_FEATURE:1cxx_enum_forward_declarations
    Feature record: CXX_FEATURE:1cxx_explicit_conversions
    Feature record: CXX_FEATURE:1cxx_extended_friend_declarations
    Feature record: CXX_FEATURE:1cxx_extern_templates
    Feature record: CXX_FEATURE:1cxx_final
    Feature record: CXX_FEATURE:1cxx_func_identifier
    Feature record: CXX_FEATURE:1cxx_generalized_initializers
    Feature record: CXX_FEATURE:1cxx_generic_lambdas
    Feature record: CXX_FEATURE:1cxx_inheriting_constructors
    Feature record: CXX_FEATURE:1cxx_inline_namespaces
    Feature record: CXX_FEATURE:1cxx_lambdas
    Feature record: CXX_FEATURE:1cxx_lambda_init_captures
    Feature record: CXX_FEATURE:1cxx_local_type_template_args
    Feature record: CXX_FEATURE:1cxx_long_long_type
    Feature record: CXX_FEATURE:1cxx_noexcept
    Feature record: CXX_FEATURE:1cxx_nonstatic_member_init
    Feature record: CXX_FEATURE:1cxx_nullptr
    Feature record: CXX_FEATURE:1cxx_override
    Feature record: CXX_FEATURE:1cxx_range_for
    Feature record: CXX_FEATURE:1cxx_raw_string_literals
    Feature record: CXX_FEATURE:1cxx_reference_qualified_functions
    Feature record: CXX_FEATURE:1cxx_relaxed_constexpr
    Feature record: CXX_FEATURE:1cxx_return_type_deduction
    Feature record: CXX_FEATURE:1cxx_right_angle_brackets
    Feature record: CXX_FEATURE:1cxx_rvalue_references
    Feature record: CXX_FEATURE:1cxx_sizeof_member
    Feature record: CXX_FEATURE:1cxx_static_assert
    Feature record: CXX_FEATURE:1cxx_strong_enums
    Feature record: CXX_FEATURE:1cxx_template_template_parameters
    Feature record: CXX_FEATURE:1cxx_thread_local
    Feature record: CXX_FEATURE:1cxx_trailing_return_types
    Feature record: CXX_FEATURE:1cxx_unicode_literals
    Feature record: CXX_FEATURE:1cxx_uniform_initialization
    Feature record: CXX_FEATURE:1cxx_unrestricted_unions
    Feature record: CXX_FEATURE:1cxx_user_literals
    Feature record: CXX_FEATURE:1cxx_variable_templates
    Feature record: CXX_FEATURE:1cxx_variadic_macros
    Feature record: CXX_FEATURE:1cxx_variadic_templates


Detecting CXX [-std=c++14] compiler features compiled with the following output:
Change Dir: /home/alexandru-balan/CLionProjects/MuchiiCritice/cmake-build-debug/CMakeFiles/CMakeTmp

Run Build Command(s):/usr/bin/gmake cmTC_d53a6/fast 
/usr/bin/gmake -f CMakeFiles/cmTC_d53a6.dir/build.make CMakeFiles/cmTC_d53a6.dir/build
gmake[1]: Entering directory '/home/alexandru-balan/CLionProjects/MuchiiCritice/cmake-build-debug/CMakeFiles/CMakeTmp'
Building CXX object CMakeFiles/cmTC_d53a6.dir/feature_tests.cxx.o
/usr/bin/g++    -g -O3 -feliminate-unused-debug-types  -pipe -Wall -Wp,-D_FORTIFY_SOURCE=2 -fexceptions -fstack-protector --param=ssp-buffer-size=32 -Wformat -Wformat-security -m64  -fasynchronous-unwind-tables -Wp,-D_REENTRANT -ftree-loop-distribute-patterns -Wl,-z -Wl,now -Wl,-z -Wl,relro -fno-semantic-interposition -ffat-lto-objects  -fno-signed-zeros -fno-trapping-math  -fassociative-math -Wl,-sort-common -Wl,--enable-new-dtags -mtune=skylake -fvisibility-inlines-hidden -Wl,--enable-new-dtags    -std=c++14 -o CMakeFiles/cmTC_d53a6.dir/feature_tests.cxx.o -c /home/alexandru-balan/CLionProjects/MuchiiCritice/cmake-build-debug/CMakeFiles/feature_tests.cxx
Linking CXX executable cmTC_d53a6
/home/alexandru-balan/.local/share/JetBrains/Toolbox/apps/CLion/ch-0/191.7141.37/bin/cmake/linux/bin/cmake -E cmake_link_script CMakeFiles/cmTC_d53a6.dir/link.txt --verbose=1
/usr/bin/g++  -g -O3 -feliminate-unused-debug-types  -pipe -Wall -Wp,-D_FORTIFY_SOURCE=2 -fexceptions -fstack-protector --param=ssp-buffer-size=32 -Wformat -Wformat-security -m64  -fasynchronous-unwind-tables -Wp,-D_REENTRANT -ftree-loop-distribute-patterns -Wl,-z -Wl,now -Wl,-z -Wl,relro -fno-semantic-interposition -ffat-lto-objects  -fno-signed-zeros -fno-trapping-math  -fassociative-math -Wl,-sort-common -Wl,--enable-new-dtags -mtune=skylake -fvisibility-inlines-hidden -Wl,--enable-new-dtags     CMakeFiles/cmTC_d53a6.dir/feature_tests.cxx.o  -o cmTC_d53a6 
gmake[1]: Leaving directory '/home/alexandru-balan/CLionProjects/MuchiiCritice/cmake-build-debug/CMakeFiles/CMakeTmp'


    Feature record: CXX_FEATURE:1cxx_aggregate_default_initializers
    Feature record: CXX_FEATURE:1cxx_alias_templates
    Feature record: CXX_FEATURE:1cxx_alignas
    Feature record: CXX_FEATURE:1cxx_alignof
    Feature record: CXX_FEATURE:1cxx_attributes
    Feature record: CXX_FEATURE:1cxx_attribute_deprecated
    Feature record: CXX_FEATURE:1cxx_auto_type
    Feature record: CXX_FEATURE:1cxx_binary_literals
    Feature record: CXX_FEATURE:1cxx_constexpr
    Feature record: CXX_FEATURE:1cxx_contextual_conversions
    Feature record: CXX_FEATURE:1cxx_decltype
    Feature record: CXX_FEATURE:1cxx_decltype_auto
    Feature record: CXX_FEATURE:1cxx_decltype_incomplete_return_types
    Feature record: CXX_FEATURE:1cxx_default_function_template_args
    Feature record: CXX_FEATURE:1cxx_defaulted_functions
    Feature record: CXX_FEATURE:1cxx_defaulted_move_initializers
    Feature record: CXX_FEATURE:1cxx_delegating_constructors
    Feature record: CXX_FEATURE:1cxx_deleted_functions
    Feature record: CXX_FEATURE:1cxx_digit_separators
    Feature record: CXX_FEATURE:1cxx_enum_forward_declarations
    Feature record: CXX_FEATURE:1cxx_explicit_conversions
    Feature record: CXX_FEATURE:1cxx_extended_friend_declarations
    Feature record: CXX_FEATURE:1cxx_extern_templates
    Feature record: CXX_FEATURE:1cxx_final
    Feature record: CXX_FEATURE:1cxx_func_identifier
    Feature record: CXX_FEATURE:1cxx_generalized_initializers
    Feature record: CXX_FEATURE:1cxx_generic_lambdas
    Feature record: CXX_FEATURE:1cxx_inheriting_constructors
    Feature record: CXX_FEATURE:1cxx_inline_namespaces
    Feature record: CXX_FEATURE:1cxx_lambdas
    Feature record: CXX_FEATURE:1cxx_lambda_init_captures
    Feature record: CXX_FEATURE:1cxx_local_type_template_args
    Feature record: CXX_FEATURE:1cxx_long_long_type
    Feature record: CXX_FEATURE:1cxx_noexcept
    Feature record: CXX_FEATURE:1cxx_nonstatic_member_init
    Feature record: CXX_FEATURE:1cxx_nullptr
    Feature record: CXX_FEATURE:1cxx_override
    Feature record: CXX_FEATURE:1cxx_range_for
    Feature record: CXX_FEATURE:1cxx_raw_string_literals
    Feature record: CXX_FEATURE:1cxx_reference_qualified_functions
    Feature record: CXX_FEATURE:1cxx_relaxed_constexpr
    Feature record: CXX_FEATURE:1cxx_return_type_deduction
    Feature record: CXX_FEATURE:1cxx_right_angle_brackets
    Feature record: CXX_FEATURE:1cxx_rvalue_references
    Feature record: CXX_FEATURE:1cxx_sizeof_member
    Feature record: CXX_FEATURE:1cxx_static_assert
    Feature record: CXX_FEATURE:1cxx_strong_enums
    Feature record: CXX_FEATURE:1cxx_template_template_parameters
    Feature record: CXX_FEATURE:1cxx_thread_local
    Feature record: CXX_FEATURE:1cxx_trailing_return_types
    Feature record: CXX_FEATURE:1cxx_unicode_literals
    Feature record: CXX_FEATURE:1cxx_uniform_initialization
    Feature record: CXX_FEATURE:1cxx_unrestricted_unions
    Feature record: CXX_FEATURE:1cxx_user_literals
    Feature record: CXX_FEATURE:1cxx_variable_templates
    Feature record: CXX_FEATURE:1cxx_variadic_macros
    Feature record: CXX_FEATURE:1cxx_variadic_templates


Detecting CXX [-std=c++11] compiler features compiled with the following output:
Change Dir: /home/alexandru-balan/CLionProjects/MuchiiCritice/cmake-build-debug/CMakeFiles/CMakeTmp

Run Build Command(s):/usr/bin/gmake cmTC_2c427/fast 
/usr/bin/gmake -f CMakeFiles/cmTC_2c427.dir/build.make CMakeFiles/cmTC_2c427.dir/build
gmake[1]: Entering directory '/home/alexandru-balan/CLionProjects/MuchiiCritice/cmake-build-debug/CMakeFiles/CMakeTmp'
Building CXX object CMakeFiles/cmTC_2c427.dir/feature_tests.cxx.o
/usr/bin/g++    -g -O3 -feliminate-unused-debug-types  -pipe -Wall -Wp,-D_FORTIFY_SOURCE=2 -fexceptions -fstack-protector --param=ssp-buffer-size=32 -Wformat -Wformat-security -m64  -fasynchronous-unwind-tables -Wp,-D_REENTRANT -ftree-loop-distribute-patterns -Wl,-z -Wl,now -Wl,-z -Wl,relro -fno-semantic-interposition -ffat-lto-objects  -fno-signed-zeros -fno-trapping-math  -fassociative-math -Wl,-sort-common -Wl,--enable-new-dtags -mtune=skylake -fvisibility-inlines-hidden -Wl,--enable-new-dtags    -std=c++11 -o CMakeFiles/cmTC_2c427.dir/feature_tests.cxx.o -c /home/alexandru-balan/CLionProjects/MuchiiCritice/cmake-build-debug/CMakeFiles/feature_tests.cxx
Linking CXX executable cmTC_2c427
/home/alexandru-balan/.local/share/JetBrains/Toolbox/apps/CLion/ch-0/191.7141.37/bin/cmake/linux/bin/cmake -E cmake_link_script CMakeFiles/cmTC_2c427.dir/link.txt --verbose=1
/usr/bin/g++  -g -O3 -feliminate-unused-debug-types  -pipe -Wall -Wp,-D_FORTIFY_SOURCE=2 -fexceptions -fstack-protector --param=ssp-buffer-size=32 -Wformat -Wformat-security -m64  -fasynchronous-unwind-tables -Wp,-D_REENTRANT -ftree-loop-distribute-patterns -Wl,-z -Wl,now -Wl,-z -Wl,relro -fno-semantic-interposition -ffat-lto-objects  -fno-signed-zeros -fno-trapping-math  -fassociative-math -Wl,-sort-common -Wl,--enable-new-dtags -mtune=skylake -fvisibility-inlines-hidden -Wl,--enable-new-dtags     CMakeFiles/cmTC_2c427.dir/feature_tests.cxx.o  -o cmTC_2c427 
gmake[1]: Leaving directory '/home/alexandru-balan/CLionProjects/MuchiiCritice/cmake-build-debug/CMakeFiles/CMakeTmp'


    Feature record: CXX_FEATURE:0cxx_aggregate_default_initializers
    Feature record: CXX_FEATURE:1cxx_alias_templates
    Feature record: CXX_FEATURE:1cxx_alignas
    Feature record: CXX_FEATURE:1cxx_alignof
    Feature record: CXX_FEATURE:1cxx_attributes
    Feature record: CXX_FEATURE:0cxx_attribute_deprecated
    Feature record: CXX_FEATURE:1cxx_auto_type
    Feature record: CXX_FEATURE:0cxx_binary_literals
    Feature record: CXX_FEATURE:1cxx_constexpr
    Feature record: CXX_FEATURE:0cxx_contextual_conversions
    Feature record: CXX_FEATURE:1cxx_decltype
    Feature record: CXX_FEATURE:0cxx_decltype_auto
    Feature record: CXX_FEATURE:1cxx_decltype_incomplete_return_types
    Feature record: CXX_FEATURE:1cxx_default_function_template_args
    Feature record: CXX_FEATURE:1cxx_defaulted_functions
    Feature record: CXX_FEATURE:1cxx_defaulted_move_initializers
    Feature record: CXX_FEATURE:1cxx_delegating_constructors
    Feature record: CXX_FEATURE:1cxx_deleted_functions
    Feature record: CXX_FEATURE:0cxx_digit_separators
    Feature record: CXX_FEATURE:1cxx_enum_forward_declarations
    Feature record: CXX_FEATURE:1cxx_explicit_conversions
    Feature record: CXX_FEATURE:1cxx_extended_friend_declarations
    Feature record: CXX_FEATURE:1cxx_extern_templates
    Feature record: CXX_FEATURE:1cxx_final
    Feature record: CXX_FEATURE:1cxx_func_identifier
    Feature record: CXX_FEATURE:1cxx_generalized_initializers
    Feature record: CXX_FEATURE:0cxx_generic_lambdas
    Feature record: CXX_FEATURE:1cxx_inheriting_constructors
    Feature record: CXX_FEATURE:1cxx_inline_namespaces
    Feature record: CXX_FEATURE:1cxx_lambdas
    Feature record: CXX_FEATURE:0cxx_lambda_init_captures
    Feature record: CXX_FEATURE:1cxx_local_type_template_args
    Feature record: CXX_FEATURE:1cxx_long_long_type
    Feature record: CXX_FEATURE:1cxx_noexcept
    Feature record: CXX_FEATURE:1cxx_nonstatic_member_init
    Feature record: CXX_FEATURE:1cxx_nullptr
    Feature record: CXX_FEATURE:1cxx_override
    Feature record: CXX_FEATURE:1cxx_range_for
    Feature record: CXX_FEATURE:1cxx_raw_string_literals
    Feature record: CXX_FEATURE:1cxx_reference_qualified_functions
    Feature record: CXX_FEATURE:0cxx_relaxed_constexpr
    Feature record: CXX_FEATURE:0cxx_return_type_deduction
    Feature record: CXX_FEATURE:1cxx_right_angle_brackets
    Feature record: CXX_FEATURE:1cxx_rvalue_references
    Feature record: CXX_FEATURE:1cxx_sizeof_member
    Feature record: CXX_FEATURE:1cxx_static_assert
    Feature record: CXX_FEATURE:1cxx_strong_enums
    Feature record: CXX_FEATURE:1cxx_template_template_parameters
    Feature record: CXX_FEATURE:1cxx_thread_local
    Feature record: CXX_FEATURE:1cxx_trailing_return_types
    Feature record: CXX_FEATURE:1cxx_unicode_literals
    Feature record: CXX_FEATURE:1cxx_uniform_initialization
    Feature record: CXX_FEATURE:1cxx_unrestricted_unions
    Feature record: CXX_FEATURE:1cxx_user_literals
    Feature record: CXX_FEATURE:0cxx_variable_templates
    Feature record: CXX_FEATURE:1cxx_variadic_macros
    Feature record: CXX_FEATURE:1cxx_variadic_templates


Detecting CXX [-std=c++98] compiler features compiled with the following output:
Change Dir: /home/alexandru-balan/CLionProjects/MuchiiCritice/cmake-build-debug/CMakeFiles/CMakeTmp

Run Build Command(s):/usr/bin/gmake cmTC_97872/fast 
/usr/bin/gmake -f CMakeFiles/cmTC_97872.dir/build.make CMakeFiles/cmTC_97872.dir/build
gmake[1]: Entering directory '/home/alexandru-balan/CLionProjects/MuchiiCritice/cmake-build-debug/CMakeFiles/CMakeTmp'
Building CXX object CMakeFiles/cmTC_97872.dir/feature_tests.cxx.o
/usr/bin/g++    -g -O3 -feliminate-unused-debug-types  -pipe -Wall -Wp,-D_FORTIFY_SOURCE=2 -fexceptions -fstack-protector --param=ssp-buffer-size=32 -Wformat -Wformat-security -m64  -fasynchronous-unwind-tables -Wp,-D_REENTRANT -ftree-loop-distribute-patterns -Wl,-z -Wl,now -Wl,-z -Wl,relro -fno-semantic-interposition -ffat-lto-objects  -fno-signed-zeros -fno-trapping-math  -fassociative-math -Wl,-sort-common -Wl,--enable-new-dtags -mtune=skylake -fvisibility-inlines-hidden -Wl,--enable-new-dtags    -std=c++98 -o CMakeFiles/cmTC_97872.dir/feature_tests.cxx.o -c /home/alexandru-balan/CLionProjects/MuchiiCritice/cmake-build-debug/CMakeFiles/feature_tests.cxx
Linking CXX executable cmTC_97872
/home/alexandru-balan/.local/share/JetBrains/Toolbox/apps/CLion/ch-0/191.7141.37/bin/cmake/linux/bin/cmake -E cmake_link_script CMakeFiles/cmTC_97872.dir/link.txt --verbose=1
/usr/bin/g++  -g -O3 -feliminate-unused-debug-types  -pipe -Wall -Wp,-D_FORTIFY_SOURCE=2 -fexceptions -fstack-protector --param=ssp-buffer-size=32 -Wformat -Wformat-security -m64  -fasynchronous-unwind-tables -Wp,-D_REENTRANT -ftree-loop-distribute-patterns -Wl,-z -Wl,now -Wl,-z -Wl,relro -fno-semantic-interposition -ffat-lto-objects  -fno-signed-zeros -fno-trapping-math  -fassociative-math -Wl,-sort-common -Wl,--enable-new-dtags -mtune=skylake -fvisibility-inlines-hidden -Wl,--enable-new-dtags     CMakeFiles/cmTC_97872.dir/feature_tests.cxx.o  -o cmTC_97872 
gmake[1]: Leaving directory '/home/alexandru-balan/CLionProjects/MuchiiCritice/cmake-build-debug/CMakeFiles/CMakeTmp'


    Feature record: CXX_FEATURE:0cxx_aggregate_default_initializers
    Feature record: CXX_FEATURE:0cxx_alias_templates
    Feature record: CXX_FEATURE:0cxx_alignas
    Feature record: CXX_FEATURE:0cxx_alignof
    Feature record: CXX_FEATURE:0cxx_attributes
    Feature record: CXX_FEATURE:0cxx_attribute_deprecated
    Feature record: CXX_FEATURE:0cxx_auto_type
    Feature record: CXX_FEATURE:0cxx_binary_literals
    Feature record: CXX_FEATURE:0cxx_constexpr
    Feature record: CXX_FEATURE:0cxx_contextual_conversions
    Feature record: CXX_FEATURE:0cxx_decltype
    Feature record: CXX_FEATURE:0cxx_decltype_auto
    Feature record: CXX_FEATURE:0cxx_decltype_incomplete_return_types
    Feature record: CXX_FEATURE:0cxx_default_function_template_args
    Feature record: CXX_FEATURE:0cxx_defaulted_functions
    Feature record: CXX_FEATURE:0cxx_defaulted_move_initializers
    Feature record: CXX_FEATURE:0cxx_delegating_constructors
    Feature record: CXX_FEATURE:0cxx_deleted_functions
    Feature record: CXX_FEATURE:0cxx_digit_separators
    Feature record: CXX_FEATURE:0cxx_enum_forward_declarations
    Feature record: CXX_FEATURE:0cxx_explicit_conversions
    Feature record: CXX_FEATURE:0cxx_extended_friend_declarations
    Feature record: CXX_FEATURE:0cxx_extern_templates
    Feature record: CXX_FEATURE:0cxx_final
    Feature record: CXX_FEATURE:0cxx_func_identifier
    Feature record: CXX_FEATURE:0cxx_generalized_initializers
    Feature record: CXX_FEATURE:0cxx_generic_lambdas
    Feature record: CXX_FEATURE:0cxx_inheriting_constructors
    Feature record: CXX_FEATURE:0cxx_inline_namespaces
    Feature record: CXX_FEATURE:0cxx_lambdas
    Feature record: CXX_FEATURE:0cxx_lambda_init_captures
    Feature record: CXX_FEATURE:0cxx_local_type_template_args
    Feature record: CXX_FEATURE:0cxx_long_long_type
    Feature record: CXX_FEATURE:0cxx_noexcept
    Feature record: CXX_FEATURE:0cxx_nonstatic_member_init
    Feature record: CXX_FEATURE:0cxx_nullptr
    Feature record: CXX_FEATURE:0cxx_override
    Feature record: CXX_FEATURE:0cxx_range_for
    Feature record: CXX_FEATURE:0cxx_raw_string_literals
    Feature record: CXX_FEATURE:0cxx_reference_qualified_functions
    Feature record: CXX_FEATURE:0cxx_relaxed_constexpr
    Feature record: CXX_FEATURE:0cxx_return_type_deduction
    Feature record: CXX_FEATURE:0cxx_right_angle_brackets
    Feature record: CXX_FEATURE:0cxx_rvalue_references
    Feature record: CXX_FEATURE:0cxx_sizeof_member
    Feature record: CXX_FEATURE:0cxx_static_assert
    Feature record: CXX_FEATURE:0cxx_strong_enums
    Feature record: CXX_FEATURE:1cxx_template_template_parameters
    Feature record: CXX_FEATURE:0cxx_thread_local
    Feature record: CXX_FEATURE:0cxx_trailing_return_types
    Feature record: CXX_FEATURE:0cxx_unicode_literals
    Feature record: CXX_FEATURE:0cxx_uniform_initialization
    Feature record: CXX_FEATURE:0cxx_unrestricted_unions
    Feature record: CXX_FEATURE:0cxx_user_literals
    Feature record: CXX_FEATURE:0cxx_variable_templates
    Feature record: CXX_FEATURE:0cxx_variadic_macros
    Feature record: CXX_FEATURE:0cxx_variadic_templates
